2017-02-20 13:51:21: -- Analysis Started by On File Change Incremental
2017-02-20 13:51:22: Delete abandoned lock file at ftp://files.000webhost.com/public_html
2017-02-20 13:54:10: /localhost.sql: Conflict: New files that differ
2017-02-20 13:54:10: /mail/class.phpmailer.php: Conflito: Ficheiro Modificado em ambos os lados
2017-02-20 13:54:10: /mail/class.phpmaileroauth.php: Conflito: Ficheiro Modificado em ambos os lados
2017-02-20 13:54:10: /mail/class.phpmaileroauthgoogle.php: Conflito: Ficheiro Modificado em ambos os lados
2017-02-20 13:54:10: /mail/class.pop3.php: Conflito: Ficheiro Modificado em ambos os lados
2017-02-20 13:54:10: /mail/class.smtp.php: Conflito: Ficheiro Modificado em ambos os lados
2017-02-20 13:54:10: /mail/PHPMailerAutoload.php: Conflito: Ficheiro Modificado em ambos os lados
2017-02-20 13:54:10: /media/3d-01@1280.jpg: Conflito: Ficheiro Modificado em ambos os lados
2017-02-20 13:54:10: /media/3d-01@1900.jpg: Conflito: Ficheiro Modificado em ambos os lados
2017-02-20 13:54:10: /media/3d-02@1280.jpg: Conflito: Ficheiro Modificado em ambos os lados
2017-02-20 13:54:10: /media/3d-02@1900.jpg: Conflito: Ficheiro Modificado em ambos os lados
2017-02-20 13:54:10: /media/3d-03@1280.jpg: Conflito: Ficheiro Modificado em ambos os lados
2017-02-20 13:54:10: /media/3d-03@1900.jpg: Conflito: Ficheiro Modificado em ambos os lados
2017-02-20 13:54:10: /media/car-01@1280.jpg: Conflito: Ficheiro Modificado em ambos os lados
2017-02-20 13:54:10: /media/car-01@1900.jpg: Conflito: Ficheiro Modificado em ambos os lados
2017-02-20 13:54:10: /media/cinel-01@1280.jpg: Conflito: Ficheiro Modificado em ambos os lados
2017-02-20 13:54:10: /media/cinel-01@1900.jpg: Conflito: Ficheiro Modificado em ambos os lados
2017-02-20 13:54:10: /media/cinel-02@1280.jpg: Conflito: Ficheiro Modificado em ambos os lados
2017-02-20 13:54:10: /media/cinel-02@1900.jpg: Conflito: Ficheiro Modificado em ambos os lados
2017-02-20 13:54:10: /media/cinel-03@1280.jpg: Conflito: Ficheiro Modificado em ambos os lados
2017-02-20 13:54:10: /media/cinel-03@1900.jpg: Conflito: Ficheiro Modificado em ambos os lados
2017-02-20 13:54:10: /media/connect-01@1280.jpg: Conflito: Ficheiro Modificado em ambos os lados
2017-02-20 13:54:10: /media/connect-01@1900.jpg: Conflito: Ficheiro Modificado em ambos os lados
2017-02-20 13:54:10: /media/diga-01@1280.jpg: Conflito: Ficheiro Modificado em ambos os lados
2017-02-20 13:54:10: /media/diga-01@1900.jpg: Conflito: Ficheiro Modificado em ambos os lados
2017-02-20 13:54:10: /media/img1@1280.jpg: Conflito: Ficheiro Modificado em ambos os lados
2017-02-20 13:54:10: /media/img1@1900.jpg: Conflito: Ficheiro Modificado em ambos os lados
2017-02-20 13:54:10: /media/img2@1280.jpg: Conflito: Ficheiro Modificado em ambos os lados
2017-02-20 13:54:10: /media/img2@1900.jpg: Conflito: Ficheiro Modificado em ambos os lados
2017-02-20 13:54:10: /media/img3@1280.jpg: Conflito: Ficheiro Modificado em ambos os lados
2017-02-20 13:54:10: /media/img3@1900.jpg: Conflito: Ficheiro Modificado em ambos os lados
2017-02-20 13:54:10: /media/img4@1280.jpg: Conflito: Ficheiro Modificado em ambos os lados
2017-02-20 13:54:10: /media/img4@1900.jpg: Conflito: Ficheiro Modificado em ambos os lados
2017-02-20 13:54:10: /media/img5@1280.jpg: Conflito: Ficheiro Modificado em ambos os lados
2017-02-20 13:54:10: /media/img5@1900.jpg: Conflito: Ficheiro Modificado em ambos os lados
2017-02-20 13:54:10: /media/img6@1280.jpg: Conflito: Ficheiro Modificado em ambos os lados
2017-02-20 13:54:10: /media/img6@1900.jpg: Conflito: Ficheiro Modificado em ambos os lados
2017-02-20 13:54:10: /media/img@1280.jpg: Conflito: Ficheiro Modificado em ambos os lados
2017-02-20 13:54:10: /media/img@1900.jpg: Conflito: Ficheiro Modificado em ambos os lados
2017-02-20 13:54:10: /media/kiosk-01@1280.jpg: Conflito: Ficheiro Modificado em ambos os lados
2017-02-20 13:54:10: /media/kiosk-01@1900.jpg: Conflito: Ficheiro Modificado em ambos os lados
2017-02-20 13:54:10: /media/maasai-01@1280.jpg: Conflito: Ficheiro Modificado em ambos os lados
2017-02-20 13:54:10: /media/maasai-01@1900.jpg: Conflito: Ficheiro Modificado em ambos os lados
2017-02-20 13:54:10: /media/unicuidar-01@1280.jpg: Conflito: Ficheiro Modificado em ambos os lados
2017-02-20 13:54:10: /media/unicuidar-01@1900.jpg: Conflito: Ficheiro Modificado em ambos os lados
2017-02-20 13:54:10: /media/unicuidar-02@1280.jpg: Conflito: Ficheiro Modificado em ambos os lados
2017-02-20 13:54:10: /media/unicuidar-02@1900.jpg: Conflito: Ficheiro Modificado em ambos os lados
2017-02-20 13:54:10: /media/unicuidar-03@1280.jpg: Conflito: Ficheiro Modificado em ambos os lados
2017-02-20 13:54:10: /media/unicuidar-03@1900.jpg: Conflito: Ficheiro Modificado em ambos os lados
2017-02-20 13:54:10: /php/db-constants.php: Conflito: Ficheiro Modificado em ambos os lados
2017-02-20 13:54:10: /plants-for-now.txt: Conflict: New files that differ
2017-02-20 13:54:10: /prepros-6.config: Conflict: New files that differ
2017-02-20 13:54:10: /script/analytics.js: Conflito: Ficheiro Modificado em ambos os lados
2017-02-20 13:54:10: /script/script.js: Conflito: Ficheiro Modificado em ambos os lados
2017-02-20 13:54:10: /scss: Conflict: New files that differ
2017-02-20 13:54:10: /sitemap.xml: Conflito: Ficheiro Modificado em ambos os lados
2017-02-20 13:54:10: /templates: Conflito: Ficheiro Modificado em ambos os lados
2017-02-20 13:54:10: /templates/contacts.php: Conflito: Ficheiro Modificado em ambos os lados
2017-02-20 13:54:10: /templates/galeria.php: Conflito: Ficheiro Modificado em ambos os lados
2017-02-20 13:54:10: /templates/index.php: Conflito: Ficheiro Modificado em ambos os lados
2017-02-20 13:54:10: /templates/project-category.php: Conflito: Ficheiro Modificado em ambos os lados
2017-02-20 13:54:10: /templates/project-template.php: Conflito: Ficheiro Modificado em ambos os lados
2017-02-20 13:54:10: /templates/simple-article.php: Conflito: Ficheiro Modificado em ambos os lados
2017-02-20 13:54:10: /user.txt: Conflict: New files that differ
2017-02-20 13:54:10: /webfont/entypo social/demo-files/demo.css: Conflito: Ficheiro Modificado em ambos os lados
2017-02-20 13:54:10: /webfont/entypo social/demo-files/demo.js: Conflito: Ficheiro Modificado em ambos os lados
2017-02-20 13:54:10: /webfont/entypo social/demo.html: Conflito: Ficheiro Modificado em ambos os lados
2017-02-20 13:54:10: /webfont/entypo social/fonts/Entypo-Social-Extension.eot: Conflito: Ficheiro Modificado em ambos os lados
2017-02-20 13:54:10: /webfont/entypo social/fonts/Entypo-Social-Extension.svg: Conflito: Ficheiro Modificado em ambos os lados
2017-02-20 13:54:10: /webfont/entypo social/fonts/Entypo-Social-Extension.ttf: Conflito: Ficheiro Modificado em ambos os lados
2017-02-20 13:54:10: /webfont/entypo social/fonts/Entypo-Social-Extension.woff: Conflito: Ficheiro Modificado em ambos os lados
2017-02-20 13:54:10: /webfont/entypo social/Read Me.txt: Conflito: Ficheiro Modificado em ambos os lados
2017-02-20 13:54:10: /webfont/entypo social/selection.json: Conflito: Ficheiro Modificado em ambos os lados
2017-02-20 13:54:10: /webfont/entypo social/style.css: Conflito: Ficheiro Modificado em ambos os lados
2017-02-20 13:54:10: /webfont/source sans.txt: Conflito: Ficheiro Modificado em ambos os lados
2017-02-20 13:54:10: /scss/_includes: Parent folder conflict propagated down to children
2017-02-20 13:54:10: /scss/_includes/_colors.scss: Parent folder conflict propagated down to children
2017-02-20 13:54:10: /scss/media-queries.scss: Parent folder conflict propagated down to children
2017-02-20 13:54:10: /scss/ui.scss: Parent folder conflict propagated down to children
2017-02-20 13:54:10: /scss/video-audio.scss: Parent folder conflict propagated down to children
2017-02-20 13:54:10: /templates/_audio.php: Parent folder conflict propagated down to children
2017-02-20 13:54:10: /.htaccess: Atenção: Arquivo novo será substituído por um antigo
2017-02-20 13:54:10: Changes: 299, Conflicts: 0, CopyTime: 0, CopyState: 0/0, Errors: 0, All: 461
2017-02-20 13:54:10: Left to Right: Copy File: 299 
2017-02-20 13:54:10: == Sync Started by On File Change Incremental
2017-02-20 13:54:11: 92% (299 / 324) ficheiros modificados, desde um ponto principal de 50%. Por isso a tarefa nao sincronizará automaticamente.
2017-02-20 13:54:11: 
