2017-02-20 15:56:01: -- Analysis Started by On File Change Incremental
2017-02-20 15:56:47: Changes: 134, Conflicts: 0, CopyTime: 0, CopyState: 0/0, Errors: 0, All: 505
2017-02-20 15:56:47: Left to Right: Copy File: 134 
2017-02-20 15:56:47: == Sync Started by On File Change Incremental
2017-02-20 15:56:48: Create Folder 'ftp://files.000webhost.com/public_html/.git/logs'
2017-02-20 15:56:48: Create Folder 'ftp://files.000webhost.com/public_html/.git/logs/refs'
2017-02-20 15:56:48: Create Folder 'ftp://files.000webhost.com/public_html/.git/logs/refs/heads'
2017-02-20 15:56:48: Create Folder 'ftp://files.000webhost.com/public_html/.git/objects/03'
- ERROR: Cannot create folder: Server says: Can't create directory: No such file or directory
2017-02-20 15:56:48: Create Folder 'ftp://files.000webhost.com/public_html/.git/objects/07'
- ERROR: Cannot create folder: Server says: Can't create directory: No such file or directory
2017-02-20 15:56:48: Create Folder 'ftp://files.000webhost.com/public_html/.git/objects/0c'
- ERROR: Cannot create folder: Server says: Can't create directory: No such file or directory
2017-02-20 15:56:48: Create Folder 'ftp://files.000webhost.com/public_html/.git/objects/0e'
- ERROR: Cannot create folder: Server says: Can't create directory: No such file or directory
2017-02-20 15:56:49: Create Folder 'ftp://files.000webhost.com/public_html/.git/objects/14'
- ERROR: Cannot create folder: Server says: Can't create directory: No such file or directory
2017-02-20 15:56:49: Create Folder 'ftp://files.000webhost.com/public_html/.git/objects/1e'
- ERROR: Cannot create folder: Server says: Can't create directory: No such file or directory
2017-02-20 15:56:49: Create Folder 'ftp://files.000webhost.com/public_html/.git/objects/20'
- ERROR: Cannot create folder: Server says: Can't create directory: No such file or directory
2017-02-20 15:56:49: Create Folder 'ftp://files.000webhost.com/public_html/.git/objects/24'
- ERROR: Cannot create folder: Server says: Can't create directory: No such file or directory
2017-02-20 15:56:49: Create Folder 'ftp://files.000webhost.com/public_html/.git/objects/29'
- ERROR: Cannot create folder: Server says: Can't create directory: No such file or directory
2017-02-20 15:56:49: Create Folder 'ftp://files.000webhost.com/public_html/.git/objects/2b'
- ERROR: Cannot create folder: Server says: Can't create directory: No such file or directory
2017-02-20 15:56:49: Create Folder 'ftp://files.000webhost.com/public_html/.git/objects/34'
- ERROR: Cannot create folder: Server says: Can't create directory: No such file or directory
2017-02-20 15:56:50: Create Folder 'ftp://files.000webhost.com/public_html/.git/objects/47'
- ERROR: Cannot create folder: Server says: Can't create directory: No such file or directory
2017-02-20 15:56:50: Create Folder 'ftp://files.000webhost.com/public_html/.git/objects/48'
- ERROR: Cannot create folder: Server says: Can't create directory: No such file or directory
2017-02-20 15:56:50: Create Folder 'ftp://files.000webhost.com/public_html/.git/objects/49'
- ERROR: Cannot create folder: Server says: Can't create directory: No such file or directory
2017-02-20 15:56:50: Create Folder 'ftp://files.000webhost.com/public_html/.git/objects/4a'
- ERROR: Cannot create folder: Server says: Can't create directory: No such file or directory
2017-02-20 15:56:50: Create Folder 'ftp://files.000webhost.com/public_html/.git/objects/51'
- ERROR: Cannot create folder: Server says: Can't create directory: No such file or directory
2017-02-20 15:56:50: Create Folder 'ftp://files.000webhost.com/public_html/.git/objects/5b'
- ERROR: Cannot create folder: Server says: Can't create directory: No such file or directory
2017-02-20 15:56:50: Create Folder 'ftp://files.000webhost.com/public_html/.git/objects/5e'
- ERROR: Cannot create folder: Server says: Can't create directory: No such file or directory
2017-02-20 15:56:51: Create Folder 'ftp://files.000webhost.com/public_html/.git/objects/62'
- ERROR: Cannot create folder: Server says: Can't create directory: No such file or directory
2017-02-20 15:56:51: Create Folder 'ftp://files.000webhost.com/public_html/.git/objects/6a'
- ERROR: Cannot create folder: Server says: Can't create directory: No such file or directory
2017-02-20 15:56:51: Create Folder 'ftp://files.000webhost.com/public_html/.git/objects/6c'
- ERROR: Cannot create folder: Server says: Can't create directory: No such file or directory
2017-02-20 15:56:51: Create Folder 'ftp://files.000webhost.com/public_html/.git/objects/6d'
- ERROR: Cannot create folder: Server says: Can't create directory: No such file or directory
2017-02-20 15:56:51: Create Folder 'ftp://files.000webhost.com/public_html/.git/objects/76'
- ERROR: Cannot create folder: Server says: Can't create directory: No such file or directory
2017-02-20 15:56:51: Create Folder 'ftp://files.000webhost.com/public_html/.git/objects/7a'
- ERROR: Cannot create folder: Server says: Can't create directory: No such file or directory
2017-02-20 15:56:51: Create Folder 'ftp://files.000webhost.com/public_html/.git/objects/7c'
- ERROR: Cannot create folder: Server says: Can't create directory: No such file or directory
2017-02-20 15:56:52: Create Folder 'ftp://files.000webhost.com/public_html/.git/objects/7d'
- ERROR: Cannot create folder: Server says: Can't create directory: No such file or directory
2017-02-20 15:56:52: Create Folder 'ftp://files.000webhost.com/public_html/.git/objects/7e'
- ERROR: Cannot create folder: Server says: Can't create directory: No such file or directory
2017-02-20 15:56:52: Create Folder 'ftp://files.000webhost.com/public_html/.git/objects/85'
- ERROR: Cannot create folder: Server says: Can't create directory: No such file or directory
2017-02-20 15:56:52: Create Folder 'ftp://files.000webhost.com/public_html/.git/objects/86'
- ERROR: Cannot create folder: Server says: Can't create directory: No such file or directory
2017-02-20 15:56:52: Create Folder 'ftp://files.000webhost.com/public_html/.git/objects/92'
- ERROR: Cannot create folder: Server says: Can't create directory: No such file or directory
2017-02-20 15:56:52: Create Folder 'ftp://files.000webhost.com/public_html/.git/objects/94'
- ERROR: Cannot create folder: Server says: Can't create directory: No such file or directory
2017-02-20 15:56:52: Create Folder 'ftp://files.000webhost.com/public_html/.git/objects/9c'
- ERROR: Cannot create folder: Server says: Can't create directory: No such file or directory
2017-02-20 15:56:52: Create Folder 'ftp://files.000webhost.com/public_html/.git/objects/a0'
- ERROR: Cannot create folder: Server says: Can't create directory: No such file or directory
2017-02-20 15:56:53: Create Folder 'ftp://files.000webhost.com/public_html/.git/objects/a3'
- ERROR: Cannot create folder: Server says: Can't create directory: No such file or directory
2017-02-20 15:56:53: Create Folder 'ftp://files.000webhost.com/public_html/.git/objects/a4'
- ERROR: Cannot create folder: Server says: Can't create directory: No such file or directory
2017-02-20 15:56:53: Create Folder 'ftp://files.000webhost.com/public_html/.git/objects/a5'
- ERROR: Cannot create folder: Server says: Can't create directory: No such file or directory
2017-02-20 15:56:53: Create Folder 'ftp://files.000webhost.com/public_html/.git/objects/ab'
- ERROR: Cannot create folder: Server says: Can't create directory: No such file or directory
2017-02-20 15:56:53: Create Folder 'ftp://files.000webhost.com/public_html/.git/objects/bc'
- ERROR: Cannot create folder: Server says: Can't create directory: No such file or directory
2017-02-20 15:56:53: Create Folder 'ftp://files.000webhost.com/public_html/.git/objects/bd'
- ERROR: Cannot create folder: Server says: Can't create directory: No such file or directory
2017-02-20 15:56:54: Create Folder 'ftp://files.000webhost.com/public_html/.git/objects/be'
- ERROR: Cannot create folder: Server says: Can't create directory: No such file or directory
2017-02-20 15:56:54: Create Folder 'ftp://files.000webhost.com/public_html/.git/objects/c5'
- ERROR: Cannot create folder: Server says: Can't create directory: No such file or directory
2017-02-20 15:56:54: Create Folder 'ftp://files.000webhost.com/public_html/.git/objects/c6'
- ERROR: Cannot create folder: Server says: Can't create directory: No such file or directory
2017-02-20 15:56:54: Create Folder 'ftp://files.000webhost.com/public_html/.git/objects/c9'
- ERROR: Cannot create folder: Server says: Can't create directory: No such file or directory
2017-02-20 15:56:54: Create Folder 'ftp://files.000webhost.com/public_html/.git/objects/cc'
- ERROR: Cannot create folder: Server says: Can't create directory: No such file or directory
2017-02-20 15:56:54: Create Folder 'ftp://files.000webhost.com/public_html/.git/objects/cf'
- ERROR: Cannot create folder: Server says: Can't create directory: No such file or directory
2017-02-20 15:56:54: Create Folder 'ftp://files.000webhost.com/public_html/.git/objects/dc'
- ERROR: Cannot create folder: Server says: Can't create directory: No such file or directory
2017-02-20 15:56:55: Create Folder 'ftp://files.000webhost.com/public_html/.git/objects/dd'
- ERROR: Cannot create folder: Server says: Can't create directory: No such file or directory
2017-02-20 15:56:55: Create Folder 'ftp://files.000webhost.com/public_html/.git/objects/df'
- ERROR: Cannot create folder: Server says: Can't create directory: No such file or directory
2017-02-20 15:56:55: Create Folder 'ftp://files.000webhost.com/public_html/.git/objects/e0'
- ERROR: Cannot create folder: Server says: Can't create directory: No such file or directory
2017-02-20 15:56:55: Create Folder 'ftp://files.000webhost.com/public_html/.git/objects/e4'
- ERROR: Cannot create folder: Server says: Can't create directory: No such file or directory
2017-02-20 15:56:55: Create Folder 'ftp://files.000webhost.com/public_html/.git/objects/e9'
- ERROR: Cannot create folder: Server says: Can't create directory: No such file or directory
2017-02-20 15:56:55: Create Folder 'ftp://files.000webhost.com/public_html/.git/objects/ee'
- ERROR: Cannot create folder: Server says: Can't create directory: No such file or directory
2017-02-20 15:56:55: Create Folder 'ftp://files.000webhost.com/public_html/.git/objects/f4'
- ERROR: Cannot create folder: Server says: Can't create directory: No such file or directory
2017-02-20 15:56:56: Create Folder 'ftp://files.000webhost.com/public_html/.git/objects/fb'
- ERROR: Cannot create folder: Server says: Can't create directory: No such file or directory
2017-02-20 15:56:56: Create Folder 'ftp://files.000webhost.com/public_html/.git/objects/fd'
- ERROR: Cannot create folder: Server says: Can't create directory: No such file or directory
2017-02-20 15:56:56: Create Folder 'ftp://files.000webhost.com/public_html/.git/refs'
2017-02-20 15:56:56: Create Folder 'ftp://files.000webhost.com/public_html/.git/refs/heads'
2017-02-20 15:56:57: Copy New 'C:/Users/Cet24/Desktop/projeto-final/.git/COMMIT_EDITMSG' -> 'ftp://files.000webhost.com/public_html/.git/COMMIT_EDITMSG'
2017-02-20 15:56:58: Copy New 'C:/Users/Cet24/Desktop/projeto-final/.git/logs/HEAD' -> 'ftp://files.000webhost.com/public_html/.git/logs/HEAD'
2017-02-20 15:57:00: Copy New 'C:/Users/Cet24/Desktop/projeto-final/.git/logs/refs/heads/master' -> 'ftp://files.000webhost.com/public_html/.git/logs/refs/heads/master'
2017-02-20 15:57:01: Copy New 'C:/Users/Cet24/Desktop/projeto-final/.git/refs/heads/master' -> 'ftp://files.000webhost.com/public_html/.git/refs/heads/master'
2017-02-20 15:57:04: == Sync Complete. Time: 00:00:17, Speed: 913 bytes/s, OK: 9, Errors: 55
2017-02-20 15:57:05: 
