2017-02-20 14:41:40: -- Analysis Started by On File Change Incremental
2017-02-20 14:41:41: Changes: 5, Conflicts: 0, CopyTime: 0, CopyState: 0/0, Errors: 0, All: 361
2017-02-20 14:41:41: Left to Right: Copy File: 4 Delete File: 1 
2017-02-20 14:41:41: == Sync Started by On File Change Incremental
2017-02-20 14:41:43: Delete File 'ftp://files.000webhost.com/public_html/media/passeios_1.png'
2017-02-20 14:41:53: Cannot get source file info after Sync: GetInfo: The system cannot find the file specified.  (error 2)
2017-02-20 14:41:53: Copy New 'C:/Users/Cet24/Desktop/projeto-final/media/passeios_1@1900 - Copy.png' -> 'ftp://files.000webhost.com/public_html/media/passeios_1@1900 - Copy.png'
- ERROR: Cannot get source file info after Sync: GetInfo: The system cannot find the file specified.  (error 2)
2017-02-20 14:41:58: Copy New 'C:/Users/Cet24/Desktop/projeto-final/media/passeios_1@1900.png' -> 'ftp://files.000webhost.com/public_html/media/passeios_1@1900.png'
2017-02-20 14:42:06: Cannot get source file info after Sync: GetInfo: The system cannot find the file specified.  (error 2)
2017-02-20 14:42:06: Copy New 'C:/Users/Cet24/Desktop/projeto-final/media/passeios_2@1900 - Copy.png' -> 'ftp://files.000webhost.com/public_html/media/passeios_2@1900 - Copy.png'
- ERROR: Cannot get source file info after Sync: GetInfo: The system cannot find the file specified.  (error 2)
2017-02-20 14:42:14: Cannot get source file info after Sync: GetInfo: The system cannot find the file specified.  (error 2)
2017-02-20 14:42:14: Copy New 'C:/Users/Cet24/Desktop/projeto-final/media/passeios_3@1900 - Copy.png' -> 'ftp://files.000webhost.com/public_html/media/passeios_3@1900 - Copy.png'
- ERROR: Cannot get source file info after Sync: GetInfo: The system cannot find the file specified.  (error 2)
2017-02-20 14:42:17: == Sync Complete. Time: 00:00:36, Speed: 69.1 KB/s, OK: 2, Errors: 3
2017-02-20 14:42:18: -- Analysis Started by On File Change PostSync Re-Analyze
2017-02-20 14:42:19: Changes: 6, Conflicts: 0, CopyTime: 0, CopyState: 0/0, Errors: 0, All: 364
2017-02-20 14:42:19: Left to Right: Copy File: 3 Delete File: 3 
2017-02-20 14:42:19: == Sync Started by On File Change PostSync Re-Analyze
2017-02-20 14:42:20: Delete File 'ftp://files.000webhost.com/public_html/media/passeios_1@1900 - Copy.png'
2017-02-20 14:42:20: Delete File 'ftp://files.000webhost.com/public_html/media/passeios_2@1900 - Copy.png'
2017-02-20 14:42:20: Delete File 'ftp://files.000webhost.com/public_html/media/passeios_3@1900 - Copy.png'
2017-02-20 14:42:28: Copy New 'C:/Users/Cet24/Desktop/projeto-final/media/passeios_1@1280.png' -> 'ftp://files.000webhost.com/public_html/media/passeios_1@1280.png'
2017-02-20 14:42:32: Copy New 'C:/Users/Cet24/Desktop/projeto-final/media/passeios_2@1280.png' -> 'ftp://files.000webhost.com/public_html/media/passeios_2@1280.png'
2017-02-20 14:42:41: Copy New 'C:/Users/Cet24/Desktop/projeto-final/media/passeios_3@1280.png' -> 'ftp://files.000webhost.com/public_html/media/passeios_3@1280.png'
2017-02-20 14:42:43: == Sync Complete. Time: 00:00:24, Speed: 292 KB/s, OK: 6, Errors: 0
2017-02-20 14:42:43: 
