2017-02-20 14:03:58: -- Analysis Started by On File Change 1st Full Analyze
2017-02-20 14:04:08: /.htaccess: Atenção: Arquivo novo será substituído por um antigo
2017-02-20 14:04:08: /php/db-constants.php: Atenção: Arquivo novo será substituído por um antigo
2017-02-20 14:04:08: /sitemap.xml: Atenção: Arquivo novo será substituído por um antigo
2017-02-20 14:04:08: Changes: 275, Conflicts: 0, CopyTime: 0, CopyState: 0/0, Errors: 0, All: 350
2017-02-20 14:04:08: Left to Right: Copy File: 275 
2017-02-20 14:04:08: == Sync Started by On File Change 1st Full Analyze
2017-02-20 14:04:09: Create Folder 'ftp://files.000webhost.com/public_html/audio'
2017-02-20 14:04:09: Create Folder 'ftp://files.000webhost.com/public_html/js'
2017-02-20 14:04:09: Create Folder 'ftp://files.000webhost.com/public_html/js/videojs'
2017-02-20 14:04:09: Create Folder 'ftp://files.000webhost.com/public_html/js/videojs/alt'
2017-02-20 14:04:09: Create Folder 'ftp://files.000webhost.com/public_html/js/videojs/examples'
2017-02-20 14:04:09: Create Folder 'ftp://files.000webhost.com/public_html/js/videojs/examples/elephantsdream'
2017-02-20 14:04:09: Create Folder 'ftp://files.000webhost.com/public_html/js/videojs/examples/shared'
2017-02-20 14:04:10: Create Folder 'ftp://files.000webhost.com/public_html/js/videojs/examples/simple-embed'
2017-02-20 14:04:10: Create Folder 'ftp://files.000webhost.com/public_html/js/videojs/font'
2017-02-20 14:04:10: Create Folder 'ftp://files.000webhost.com/public_html/js/videojs/ie8'
2017-02-20 14:04:10: Create Folder 'ftp://files.000webhost.com/public_html/js/videojs/lang'
2017-02-20 14:04:10: Create Folder 'ftp://files.000webhost.com/public_html/mail/examples'
2017-02-20 14:04:10: Create Folder 'ftp://files.000webhost.com/public_html/mail/examples/images'
2017-02-20 14:04:10: Create Folder 'ftp://files.000webhost.com/public_html/mail/examples/scripts'
2017-02-20 14:04:11: Create Folder 'ftp://files.000webhost.com/public_html/mail/examples/styles'
2017-02-20 14:04:11: Create Folder 'ftp://files.000webhost.com/public_html/mail/extras'
2017-02-20 14:04:11: Create Folder 'ftp://files.000webhost.com/public_html/mail/language'
2017-02-20 14:04:13: Copy Over 'C:/Users/Cet24/Desktop/projeto-final/.htaccess' -> 'ftp://files.000webhost.com/public_html/.htaccess'
2017-02-20 14:04:32: Copy New 'C:/Users/Cet24/Desktop/projeto-final/audio/audio.mp3' -> 'ftp://files.000webhost.com/public_html/audio/audio.mp3'
2017-02-20 14:04:34: Copy Over 'C:/Users/Cet24/Desktop/projeto-final/css/media-queries.css' -> 'ftp://files.000webhost.com/public_html/css/media-queries.css'
2017-02-20 14:04:36: Copy Over 'C:/Users/Cet24/Desktop/projeto-final/css/ui.css' -> 'ftp://files.000webhost.com/public_html/css/ui.css'
2017-02-20 14:04:38: Copy Over 'C:/Users/Cet24/Desktop/projeto-final/fancybox/blank.gif' -> 'ftp://files.000webhost.com/public_html/fancybox/blank.gif'
2017-02-20 14:04:40: Copy Over 'C:/Users/Cet24/Desktop/projeto-final/fancybox/fancybox_loading.gif' -> 'ftp://files.000webhost.com/public_html/fancybox/fancybox_loading.gif'
2017-02-20 14:04:41: Copy Over 'C:/Users/Cet24/Desktop/projeto-final/fancybox/fancybox_loading@2x.gif' -> 'ftp://files.000webhost.com/public_html/fancybox/fancybox_loading@2x.gif'
2017-02-20 14:04:43: Copy Over 'C:/Users/Cet24/Desktop/projeto-final/fancybox/fancybox_overlay.png' -> 'ftp://files.000webhost.com/public_html/fancybox/fancybox_overlay.png'
2017-02-20 14:04:45: Copy Over 'C:/Users/Cet24/Desktop/projeto-final/fancybox/fancybox_sprite.png' -> 'ftp://files.000webhost.com/public_html/fancybox/fancybox_sprite.png'
2017-02-20 14:04:46: Copy Over 'C:/Users/Cet24/Desktop/projeto-final/fancybox/fancybox_sprite@2x.png' -> 'ftp://files.000webhost.com/public_html/fancybox/fancybox_sprite@2x.png'
2017-02-20 14:04:48: Copy Over 'C:/Users/Cet24/Desktop/projeto-final/fancybox/jquery.fancybox.css' -> 'ftp://files.000webhost.com/public_html/fancybox/jquery.fancybox.css'
2017-02-20 14:04:50: Copy Over 'C:/Users/Cet24/Desktop/projeto-final/fancybox/jquery.fancybox.js' -> 'ftp://files.000webhost.com/public_html/fancybox/jquery.fancybox.js'
2017-02-20 14:04:53: Copy Over 'C:/Users/Cet24/Desktop/projeto-final/img/bg-dummy@1280.jpg' -> 'ftp://files.000webhost.com/public_html/img/bg-dummy@1280.jpg'
2017-02-20 14:04:55: Copy Over 'C:/Users/Cet24/Desktop/projeto-final/img/bg-dummy@1900.jpg' -> 'ftp://files.000webhost.com/public_html/img/bg-dummy@1900.jpg'
2017-02-20 14:04:57: Copy Over 'C:/Users/Cet24/Desktop/projeto-final/img/slide1-dummy@1280.jpg' -> 'ftp://files.000webhost.com/public_html/img/slide1-dummy@1280.jpg'
2017-02-20 14:05:00: Copy Over 'C:/Users/Cet24/Desktop/projeto-final/img/slide1-dummy@1900.jpg' -> 'ftp://files.000webhost.com/public_html/img/slide1-dummy@1900.jpg'
2017-02-20 14:05:02: Copy Over 'C:/Users/Cet24/Desktop/projeto-final/img/slide2-dummy@1280.jpg' -> 'ftp://files.000webhost.com/public_html/img/slide2-dummy@1280.jpg'
2017-02-20 14:05:05: Copy Over 'C:/Users/Cet24/Desktop/projeto-final/img/slide2-dummy@1900.jpg' -> 'ftp://files.000webhost.com/public_html/img/slide2-dummy@1900.jpg'
2017-02-20 14:05:07: Copy Over 'C:/Users/Cet24/Desktop/projeto-final/img/slide3-dummy@1280.jpg' -> 'ftp://files.000webhost.com/public_html/img/slide3-dummy@1280.jpg'
2017-02-20 14:05:09: Copy Over 'C:/Users/Cet24/Desktop/projeto-final/img/slide3-dummy@1900.jpg' -> 'ftp://files.000webhost.com/public_html/img/slide3-dummy@1900.jpg'
2017-02-20 14:05:11: Copy Over 'C:/Users/Cet24/Desktop/projeto-final/includes/_footer.php' -> 'ftp://files.000webhost.com/public_html/includes/_footer.php'
2017-02-20 14:05:13: Copy Over 'C:/Users/Cet24/Desktop/projeto-final/includes/_head.php' -> 'ftp://files.000webhost.com/public_html/includes/_head.php'
2017-02-20 14:05:14: Copy Over 'C:/Users/Cet24/Desktop/projeto-final/includes/_header.php' -> 'ftp://files.000webhost.com/public_html/includes/_header.php'
2017-02-20 14:05:16: Copy Over 'C:/Users/Cet24/Desktop/projeto-final/includes/_sidebar.php' -> 'ftp://files.000webhost.com/public_html/includes/_sidebar.php'
2017-02-20 14:05:18: Copy Over 'C:/Users/Cet24/Desktop/projeto-final/index.php' -> 'ftp://files.000webhost.com/public_html/index.php'
2017-02-20 14:05:19: Copy New 'C:/Users/Cet24/Desktop/projeto-final/js/videojs/alt/video-js-cdn.css' -> 'ftp://files.000webhost.com/public_html/js/videojs/alt/video-js-cdn.css'
2017-02-20 14:05:21: Copy New 'C:/Users/Cet24/Desktop/projeto-final/js/videojs/alt/video-js-cdn.min.css' -> 'ftp://files.000webhost.com/public_html/js/videojs/alt/video-js-cdn.min.css'
2017-02-20 14:05:24: Copy New 'C:/Users/Cet24/Desktop/projeto-final/js/videojs/alt/video.novtt.js' -> 'ftp://files.000webhost.com/public_html/js/videojs/alt/video.novtt.js'
2017-02-20 14:05:26: Copy New 'C:/Users/Cet24/Desktop/projeto-final/js/videojs/alt/video.novtt.min.js' -> 'ftp://files.000webhost.com/public_html/js/videojs/alt/video.novtt.min.js'
2017-02-20 14:05:33: Copy New 'C:/Users/Cet24/Desktop/projeto-final/js/videojs/alt/video.novtt.min.js.map' -> 'ftp://files.000webhost.com/public_html/js/videojs/alt/video.novtt.min.js.map'
2017-02-20 14:05:35: Copy New 'C:/Users/Cet24/Desktop/projeto-final/js/videojs/examples/elephantsdream/captions.ar.vtt' -> 'ftp://files.000webhost.com/public_html/js/videojs/examples/elephantsdream/captions.ar.vtt'
2017-02-20 14:05:36: Copy New 'C:/Users/Cet24/Desktop/projeto-final/js/videojs/examples/elephantsdream/captions.en.vtt' -> 'ftp://files.000webhost.com/public_html/js/videojs/examples/elephantsdream/captions.en.vtt'
2017-02-20 14:05:37: Copy New 'C:/Users/Cet24/Desktop/projeto-final/js/videojs/examples/elephantsdream/captions.ja.vtt' -> 'ftp://files.000webhost.com/public_html/js/videojs/examples/elephantsdream/captions.ja.vtt'
2017-02-20 14:05:38: Copy New 'C:/Users/Cet24/Desktop/projeto-final/js/videojs/examples/elephantsdream/captions.ru.vtt' -> 'ftp://files.000webhost.com/public_html/js/videojs/examples/elephantsdream/captions.ru.vtt'
2017-02-20 14:05:40: Copy New 'C:/Users/Cet24/Desktop/projeto-final/js/videojs/examples/elephantsdream/captions.sv.vtt' -> 'ftp://files.000webhost.com/public_html/js/videojs/examples/elephantsdream/captions.sv.vtt'
2017-02-20 14:05:41: Copy New 'C:/Users/Cet24/Desktop/projeto-final/js/videojs/examples/elephantsdream/chapters.en.vtt' -> 'ftp://files.000webhost.com/public_html/js/videojs/examples/elephantsdream/chapters.en.vtt'
2017-02-20 14:05:43: Copy New 'C:/Users/Cet24/Desktop/projeto-final/js/videojs/examples/elephantsdream/descriptions.en.vtt' -> 'ftp://files.000webhost.com/public_html/js/videojs/examples/elephantsdream/descriptions.en.vtt'
2017-02-20 14:05:44: Copy New 'C:/Users/Cet24/Desktop/projeto-final/js/videojs/examples/elephantsdream/index.html' -> 'ftp://files.000webhost.com/public_html/js/videojs/examples/elephantsdream/index.html'
2017-02-20 14:05:45: Copy New 'C:/Users/Cet24/Desktop/projeto-final/js/videojs/examples/shared/example-captions.vtt' -> 'ftp://files.000webhost.com/public_html/js/videojs/examples/shared/example-captions.vtt'
2017-02-20 14:05:47: Copy New 'C:/Users/Cet24/Desktop/projeto-final/js/videojs/examples/simple-embed/index.html' -> 'ftp://files.000webhost.com/public_html/js/videojs/examples/simple-embed/index.html'
2017-02-20 14:05:48: Copy New 'C:/Users/Cet24/Desktop/projeto-final/js/videojs/font/VideoJS.eot' -> 'ftp://files.000webhost.com/public_html/js/videojs/font/VideoJS.eot'
2017-02-20 14:05:49: Copy New 'C:/Users/Cet24/Desktop/projeto-final/js/videojs/font/VideoJS.svg' -> 'ftp://files.000webhost.com/public_html/js/videojs/font/VideoJS.svg'
2017-02-20 14:05:51: Copy New 'C:/Users/Cet24/Desktop/projeto-final/js/videojs/font/VideoJS.ttf' -> 'ftp://files.000webhost.com/public_html/js/videojs/font/VideoJS.ttf'
2017-02-20 14:05:52: Copy New 'C:/Users/Cet24/Desktop/projeto-final/js/videojs/font/VideoJS.woff' -> 'ftp://files.000webhost.com/public_html/js/videojs/font/VideoJS.woff'
2017-02-20 14:05:54: Copy New 'C:/Users/Cet24/Desktop/projeto-final/js/videojs/ie8/videojs-ie8.js' -> 'ftp://files.000webhost.com/public_html/js/videojs/ie8/videojs-ie8.js'
2017-02-20 14:05:56: Copy New 'C:/Users/Cet24/Desktop/projeto-final/js/videojs/ie8/videojs-ie8.min.js' -> 'ftp://files.000webhost.com/public_html/js/videojs/ie8/videojs-ie8.min.js'
2017-02-20 14:05:57: Copy New 'C:/Users/Cet24/Desktop/projeto-final/js/videojs/lang/ar.js' -> 'ftp://files.000webhost.com/public_html/js/videojs/lang/ar.js'
2017-02-20 14:05:59: Copy New 'C:/Users/Cet24/Desktop/projeto-final/js/videojs/lang/ba.js' -> 'ftp://files.000webhost.com/public_html/js/videojs/lang/ba.js'
2017-02-20 14:06:00: Copy New 'C:/Users/Cet24/Desktop/projeto-final/js/videojs/lang/bg.js' -> 'ftp://files.000webhost.com/public_html/js/videojs/lang/bg.js'
2017-02-20 14:06:01: Copy New 'C:/Users/Cet24/Desktop/projeto-final/js/videojs/lang/ca.js' -> 'ftp://files.000webhost.com/public_html/js/videojs/lang/ca.js'
2017-02-20 14:06:03: Copy New 'C:/Users/Cet24/Desktop/projeto-final/js/videojs/lang/cs.js' -> 'ftp://files.000webhost.com/public_html/js/videojs/lang/cs.js'
2017-02-20 14:06:04: Copy New 'C:/Users/Cet24/Desktop/projeto-final/js/videojs/lang/da.js' -> 'ftp://files.000webhost.com/public_html/js/videojs/lang/da.js'
2017-02-20 14:06:05: Copy New 'C:/Users/Cet24/Desktop/projeto-final/js/videojs/lang/de.js' -> 'ftp://files.000webhost.com/public_html/js/videojs/lang/de.js'
2017-02-20 14:06:07: Copy New 'C:/Users/Cet24/Desktop/projeto-final/js/videojs/lang/el.js' -> 'ftp://files.000webhost.com/public_html/js/videojs/lang/el.js'
2017-02-20 14:06:09: Copy New 'C:/Users/Cet24/Desktop/projeto-final/js/videojs/lang/en.js' -> 'ftp://files.000webhost.com/public_html/js/videojs/lang/en.js'
2017-02-20 14:06:10: Copy New 'C:/Users/Cet24/Desktop/projeto-final/js/videojs/lang/es.js' -> 'ftp://files.000webhost.com/public_html/js/videojs/lang/es.js'
2017-02-20 14:06:11: Copy New 'C:/Users/Cet24/Desktop/projeto-final/js/videojs/lang/fa.js' -> 'ftp://files.000webhost.com/public_html/js/videojs/lang/fa.js'
2017-02-20 14:06:13: Copy New 'C:/Users/Cet24/Desktop/projeto-final/js/videojs/lang/fi.js' -> 'ftp://files.000webhost.com/public_html/js/videojs/lang/fi.js'
2017-02-20 14:06:14: Copy New 'C:/Users/Cet24/Desktop/projeto-final/js/videojs/lang/fr.js' -> 'ftp://files.000webhost.com/public_html/js/videojs/lang/fr.js'
2017-02-20 14:06:16: Copy New 'C:/Users/Cet24/Desktop/projeto-final/js/videojs/lang/hr.js' -> 'ftp://files.000webhost.com/public_html/js/videojs/lang/hr.js'
2017-02-20 14:06:17: Copy New 'C:/Users/Cet24/Desktop/projeto-final/js/videojs/lang/hu.js' -> 'ftp://files.000webhost.com/public_html/js/videojs/lang/hu.js'
2017-02-20 14:06:19: Copy New 'C:/Users/Cet24/Desktop/projeto-final/js/videojs/lang/it.js' -> 'ftp://files.000webhost.com/public_html/js/videojs/lang/it.js'
2017-02-20 14:06:20: Copy New 'C:/Users/Cet24/Desktop/projeto-final/js/videojs/lang/ja.js' -> 'ftp://files.000webhost.com/public_html/js/videojs/lang/ja.js'
2017-02-20 14:06:22: Copy New 'C:/Users/Cet24/Desktop/projeto-final/js/videojs/lang/ko.js' -> 'ftp://files.000webhost.com/public_html/js/videojs/lang/ko.js'
2017-02-20 14:06:23: Copy New 'C:/Users/Cet24/Desktop/projeto-final/js/videojs/lang/nb.js' -> 'ftp://files.000webhost.com/public_html/js/videojs/lang/nb.js'
2017-02-20 14:06:24: Copy New 'C:/Users/Cet24/Desktop/projeto-final/js/videojs/lang/nl.js' -> 'ftp://files.000webhost.com/public_html/js/videojs/lang/nl.js'
2017-02-20 14:06:26: Copy New 'C:/Users/Cet24/Desktop/projeto-final/js/videojs/lang/nn.js' -> 'ftp://files.000webhost.com/public_html/js/videojs/lang/nn.js'
2017-02-20 14:06:27: Copy New 'C:/Users/Cet24/Desktop/projeto-final/js/videojs/lang/pl.js' -> 'ftp://files.000webhost.com/public_html/js/videojs/lang/pl.js'
2017-02-20 14:06:28: Copy New 'C:/Users/Cet24/Desktop/projeto-final/js/videojs/lang/pt-BR.js' -> 'ftp://files.000webhost.com/public_html/js/videojs/lang/pt-BR.js'
2017-02-20 14:06:30: Copy New 'C:/Users/Cet24/Desktop/projeto-final/js/videojs/lang/ru.js' -> 'ftp://files.000webhost.com/public_html/js/videojs/lang/ru.js'
2017-02-20 14:06:31: Copy New 'C:/Users/Cet24/Desktop/projeto-final/js/videojs/lang/sr.js' -> 'ftp://files.000webhost.com/public_html/js/videojs/lang/sr.js'
2017-02-20 14:06:32: Copy New 'C:/Users/Cet24/Desktop/projeto-final/js/videojs/lang/sv.js' -> 'ftp://files.000webhost.com/public_html/js/videojs/lang/sv.js'
2017-02-20 14:06:34: Copy New 'C:/Users/Cet24/Desktop/projeto-final/js/videojs/lang/tr.js' -> 'ftp://files.000webhost.com/public_html/js/videojs/lang/tr.js'
2017-02-20 14:06:35: Copy New 'C:/Users/Cet24/Desktop/projeto-final/js/videojs/lang/uk.js' -> 'ftp://files.000webhost.com/public_html/js/videojs/lang/uk.js'
2017-02-20 14:06:37: Copy New 'C:/Users/Cet24/Desktop/projeto-final/js/videojs/lang/vi.js' -> 'ftp://files.000webhost.com/public_html/js/videojs/lang/vi.js'
2017-02-20 14:06:38: Copy New 'C:/Users/Cet24/Desktop/projeto-final/js/videojs/lang/zh-CN.js' -> 'ftp://files.000webhost.com/public_html/js/videojs/lang/zh-CN.js'
2017-02-20 14:06:39: Copy New 'C:/Users/Cet24/Desktop/projeto-final/js/videojs/lang/zh-TW.js' -> 'ftp://files.000webhost.com/public_html/js/videojs/lang/zh-TW.js'
2017-02-20 14:06:41: Copy New 'C:/Users/Cet24/Desktop/projeto-final/js/videojs/video-js.css' -> 'ftp://files.000webhost.com/public_html/js/videojs/video-js.css'
2017-02-20 14:06:43: Copy New 'C:/Users/Cet24/Desktop/projeto-final/js/videojs/video-js.min.css' -> 'ftp://files.000webhost.com/public_html/js/videojs/video-js.min.css'
2017-02-20 14:06:44: Copy New 'C:/Users/Cet24/Desktop/projeto-final/js/videojs/video-js.swf' -> 'ftp://files.000webhost.com/public_html/js/videojs/video-js.swf'
2017-02-20 14:06:50: Copy New 'C:/Users/Cet24/Desktop/projeto-final/js/videojs/video.js' -> 'ftp://files.000webhost.com/public_html/js/videojs/video.js'
2017-02-20 14:06:54: Copy New 'C:/Users/Cet24/Desktop/projeto-final/js/videojs/video.js.map' -> 'ftp://files.000webhost.com/public_html/js/videojs/video.js.map'
2017-02-20 14:06:56: Copy New 'C:/Users/Cet24/Desktop/projeto-final/js/videojs/video.min.js' -> 'ftp://files.000webhost.com/public_html/js/videojs/video.min.js'
2017-02-20 14:07:03: Copy New 'C:/Users/Cet24/Desktop/projeto-final/js/videojs/video.min.js.map' -> 'ftp://files.000webhost.com/public_html/js/videojs/video.min.js.map'
2017-02-20 14:07:08: Copy Over 'C:/Users/Cet24/Desktop/projeto-final/mail/class.phpmailer.php' -> 'ftp://files.000webhost.com/public_html/mail/class.phpmailer.php'
2017-02-20 14:07:11: Copy Over 'C:/Users/Cet24/Desktop/projeto-final/mail/class.phpmaileroauth.php' -> 'ftp://files.000webhost.com/public_html/mail/class.phpmaileroauth.php'
2017-02-20 14:07:13: Copy Over 'C:/Users/Cet24/Desktop/projeto-final/mail/class.phpmaileroauthgoogle.php' -> 'ftp://files.000webhost.com/public_html/mail/class.phpmaileroauthgoogle.php'
2017-02-20 14:07:14: Copy Over 'C:/Users/Cet24/Desktop/projeto-final/mail/class.pop3.php' -> 'ftp://files.000webhost.com/public_html/mail/class.pop3.php'
2017-02-20 14:07:16: Copy Over 'C:/Users/Cet24/Desktop/projeto-final/mail/class.smtp.php' -> 'ftp://files.000webhost.com/public_html/mail/class.smtp.php'
2017-02-20 14:07:18: Copy New 'C:/Users/Cet24/Desktop/projeto-final/mail/examples/code_generator.phps' -> 'ftp://files.000webhost.com/public_html/mail/examples/code_generator.phps'
2017-02-20 14:07:19: Copy New 'C:/Users/Cet24/Desktop/projeto-final/mail/examples/contactform.phps' -> 'ftp://files.000webhost.com/public_html/mail/examples/contactform.phps'
2017-02-20 14:07:21: Copy New 'C:/Users/Cet24/Desktop/projeto-final/mail/examples/contents.html' -> 'ftp://files.000webhost.com/public_html/mail/examples/contents.html'
2017-02-20 14:07:22: Copy New 'C:/Users/Cet24/Desktop/projeto-final/mail/examples/contentsutf8.html' -> 'ftp://files.000webhost.com/public_html/mail/examples/contentsutf8.html'
2017-02-20 14:07:24: Copy New 'C:/Users/Cet24/Desktop/projeto-final/mail/examples/DKIM.phps' -> 'ftp://files.000webhost.com/public_html/mail/examples/DKIM.phps'
2017-02-20 14:07:25: Copy New 'C:/Users/Cet24/Desktop/projeto-final/mail/examples/exceptions.phps' -> 'ftp://files.000webhost.com/public_html/mail/examples/exceptions.phps'
2017-02-20 14:07:26: Copy New 'C:/Users/Cet24/Desktop/projeto-final/mail/examples/gmail.phps' -> 'ftp://files.000webhost.com/public_html/mail/examples/gmail.phps'
2017-02-20 14:07:28: Copy New 'C:/Users/Cet24/Desktop/projeto-final/mail/examples/gmail_xoauth.phps' -> 'ftp://files.000webhost.com/public_html/mail/examples/gmail_xoauth.phps'
2017-02-20 14:07:29: Copy New 'C:/Users/Cet24/Desktop/projeto-final/mail/examples/images/phpmailer.png' -> 'ftp://files.000webhost.com/public_html/mail/examples/images/phpmailer.png'
2017-02-20 14:07:31: Copy New 'C:/Users/Cet24/Desktop/projeto-final/mail/examples/images/phpmailer_mini.png' -> 'ftp://files.000webhost.com/public_html/mail/examples/images/phpmailer_mini.png'
2017-02-20 14:07:32: Copy New 'C:/Users/Cet24/Desktop/projeto-final/mail/examples/index.html' -> 'ftp://files.000webhost.com/public_html/mail/examples/index.html'
2017-02-20 14:07:33: Copy New 'C:/Users/Cet24/Desktop/projeto-final/mail/examples/mail.phps' -> 'ftp://files.000webhost.com/public_html/mail/examples/mail.phps'
2017-02-20 14:07:35: Copy New 'C:/Users/Cet24/Desktop/projeto-final/mail/examples/mailing_list.phps' -> 'ftp://files.000webhost.com/public_html/mail/examples/mailing_list.phps'
2017-02-20 14:07:36: Copy New 'C:/Users/Cet24/Desktop/projeto-final/mail/examples/pop_before_smtp.phps' -> 'ftp://files.000webhost.com/public_html/mail/examples/pop_before_smtp.phps'
2017-02-20 14:07:37: Copy New 'C:/Users/Cet24/Desktop/projeto-final/mail/examples/scripts/shAutoloader.js' -> 'ftp://files.000webhost.com/public_html/mail/examples/scripts/shAutoloader.js'
2017-02-20 14:07:39: Copy New 'C:/Users/Cet24/Desktop/projeto-final/mail/examples/scripts/shBrushPhp.js' -> 'ftp://files.000webhost.com/public_html/mail/examples/scripts/shBrushPhp.js'
2017-02-20 14:07:40: Copy New 'C:/Users/Cet24/Desktop/projeto-final/mail/examples/scripts/shCore.js' -> 'ftp://files.000webhost.com/public_html/mail/examples/scripts/shCore.js'
2017-02-20 14:07:42: Copy New 'C:/Users/Cet24/Desktop/projeto-final/mail/examples/scripts/shLegacy.js' -> 'ftp://files.000webhost.com/public_html/mail/examples/scripts/shLegacy.js'
2017-02-20 14:07:43: Copy New 'C:/Users/Cet24/Desktop/projeto-final/mail/examples/scripts/XRegExp.js' -> 'ftp://files.000webhost.com/public_html/mail/examples/scripts/XRegExp.js'
2017-02-20 14:07:45: Copy New 'C:/Users/Cet24/Desktop/projeto-final/mail/examples/send_file_upload.phps' -> 'ftp://files.000webhost.com/public_html/mail/examples/send_file_upload.phps'
2017-02-20 14:07:46: Copy New 'C:/Users/Cet24/Desktop/projeto-final/mail/examples/send_multiple_file_upload.phps' -> 'ftp://files.000webhost.com/public_html/mail/examples/send_multiple_file_upload.phps'
2017-02-20 14:07:48: Copy New 'C:/Users/Cet24/Desktop/projeto-final/mail/examples/sendmail.phps' -> 'ftp://files.000webhost.com/public_html/mail/examples/sendmail.phps'
2017-02-20 14:07:49: Copy New 'C:/Users/Cet24/Desktop/projeto-final/mail/examples/signed-mail.phps' -> 'ftp://files.000webhost.com/public_html/mail/examples/signed-mail.phps'
2017-02-20 14:07:51: Copy New 'C:/Users/Cet24/Desktop/projeto-final/mail/examples/smtp.phps' -> 'ftp://files.000webhost.com/public_html/mail/examples/smtp.phps'
2017-02-20 14:07:52: Copy New 'C:/Users/Cet24/Desktop/projeto-final/mail/examples/smtp_check.phps' -> 'ftp://files.000webhost.com/public_html/mail/examples/smtp_check.phps'
2017-02-20 14:07:53: Copy New 'C:/Users/Cet24/Desktop/projeto-final/mail/examples/smtp_no_auth.phps' -> 'ftp://files.000webhost.com/public_html/mail/examples/smtp_no_auth.phps'
2017-02-20 14:07:55: Copy New 'C:/Users/Cet24/Desktop/projeto-final/mail/examples/ssl_options.phps' -> 'ftp://files.000webhost.com/public_html/mail/examples/ssl_options.phps'
2017-02-20 14:07:56: Copy New 'C:/Users/Cet24/Desktop/projeto-final/mail/examples/styles/shCore.css' -> 'ftp://files.000webhost.com/public_html/mail/examples/styles/shCore.css'
2017-02-20 14:07:58: Copy New 'C:/Users/Cet24/Desktop/projeto-final/mail/examples/styles/shCoreDefault.css' -> 'ftp://files.000webhost.com/public_html/mail/examples/styles/shCoreDefault.css'
2017-02-20 14:07:59: Copy New 'C:/Users/Cet24/Desktop/projeto-final/mail/examples/styles/shCoreDjango.css' -> 'ftp://files.000webhost.com/public_html/mail/examples/styles/shCoreDjango.css'
2017-02-20 14:08:00: Copy New 'C:/Users/Cet24/Desktop/projeto-final/mail/examples/styles/shCoreEclipse.css' -> 'ftp://files.000webhost.com/public_html/mail/examples/styles/shCoreEclipse.css'
2017-02-20 14:08:02: Copy New 'C:/Users/Cet24/Desktop/projeto-final/mail/examples/styles/shCoreEmacs.css' -> 'ftp://files.000webhost.com/public_html/mail/examples/styles/shCoreEmacs.css'
2017-02-20 14:08:03: Copy New 'C:/Users/Cet24/Desktop/projeto-final/mail/examples/styles/shCoreFadeToGrey.css' -> 'ftp://files.000webhost.com/public_html/mail/examples/styles/shCoreFadeToGrey.css'
2017-02-20 14:08:04: Copy New 'C:/Users/Cet24/Desktop/projeto-final/mail/examples/styles/shCoreMDUltra.css' -> 'ftp://files.000webhost.com/public_html/mail/examples/styles/shCoreMDUltra.css'
2017-02-20 14:08:06: Copy New 'C:/Users/Cet24/Desktop/projeto-final/mail/examples/styles/shCoreMidnight.css' -> 'ftp://files.000webhost.com/public_html/mail/examples/styles/shCoreMidnight.css'
2017-02-20 14:08:07: Copy New 'C:/Users/Cet24/Desktop/projeto-final/mail/examples/styles/shCoreRDark.css' -> 'ftp://files.000webhost.com/public_html/mail/examples/styles/shCoreRDark.css'
2017-02-20 14:08:08: Copy New 'C:/Users/Cet24/Desktop/projeto-final/mail/examples/styles/shThemeAppleScript.css' -> 'ftp://files.000webhost.com/public_html/mail/examples/styles/shThemeAppleScript.css'
2017-02-20 14:08:10: Copy New 'C:/Users/Cet24/Desktop/projeto-final/mail/examples/styles/shThemeDefault.css' -> 'ftp://files.000webhost.com/public_html/mail/examples/styles/shThemeDefault.css'
2017-02-20 14:08:11: Copy New 'C:/Users/Cet24/Desktop/projeto-final/mail/examples/styles/shThemeDjango.css' -> 'ftp://files.000webhost.com/public_html/mail/examples/styles/shThemeDjango.css'
2017-02-20 14:08:13: Copy New 'C:/Users/Cet24/Desktop/projeto-final/mail/examples/styles/shThemeEclipse.css' -> 'ftp://files.000webhost.com/public_html/mail/examples/styles/shThemeEclipse.css'
2017-02-20 14:08:14: Copy New 'C:/Users/Cet24/Desktop/projeto-final/mail/examples/styles/shThemeEmacs.css' -> 'ftp://files.000webhost.com/public_html/mail/examples/styles/shThemeEmacs.css'
2017-02-20 14:08:15: Copy New 'C:/Users/Cet24/Desktop/projeto-final/mail/examples/styles/shThemeFadeToGrey.css' -> 'ftp://files.000webhost.com/public_html/mail/examples/styles/shThemeFadeToGrey.css'
2017-02-20 14:08:16: Copy New 'C:/Users/Cet24/Desktop/projeto-final/mail/examples/styles/shThemeMDUltra.css' -> 'ftp://files.000webhost.com/public_html/mail/examples/styles/shThemeMDUltra.css'
2017-02-20 14:08:18: Copy New 'C:/Users/Cet24/Desktop/projeto-final/mail/examples/styles/shThemeMidnight.css' -> 'ftp://files.000webhost.com/public_html/mail/examples/styles/shThemeMidnight.css'
2017-02-20 14:08:19: Copy New 'C:/Users/Cet24/Desktop/projeto-final/mail/examples/styles/shThemeRDark.css' -> 'ftp://files.000webhost.com/public_html/mail/examples/styles/shThemeRDark.css'
2017-02-20 14:08:21: Copy New 'C:/Users/Cet24/Desktop/projeto-final/mail/examples/styles/shThemeVisualStudio.css' -> 'ftp://files.000webhost.com/public_html/mail/examples/styles/shThemeVisualStudio.css'
2017-02-20 14:08:22: Copy New 'C:/Users/Cet24/Desktop/projeto-final/mail/examples/styles/wrapping.png' -> 'ftp://files.000webhost.com/public_html/mail/examples/styles/wrapping.png'
2017-02-20 14:08:23: Copy New 'C:/Users/Cet24/Desktop/projeto-final/mail/extras/EasyPeasyICS.php' -> 'ftp://files.000webhost.com/public_html/mail/extras/EasyPeasyICS.php'
2017-02-20 14:08:25: Copy New 'C:/Users/Cet24/Desktop/projeto-final/mail/extras/htmlfilter.php' -> 'ftp://files.000webhost.com/public_html/mail/extras/htmlfilter.php'
2017-02-20 14:08:26: Copy New 'C:/Users/Cet24/Desktop/projeto-final/mail/extras/ntlm_sasl_client.php' -> 'ftp://files.000webhost.com/public_html/mail/extras/ntlm_sasl_client.php'
2017-02-20 14:08:28: Copy New 'C:/Users/Cet24/Desktop/projeto-final/mail/extras/README.md' -> 'ftp://files.000webhost.com/public_html/mail/extras/README.md'
2017-02-20 14:08:29: Copy New 'C:/Users/Cet24/Desktop/projeto-final/mail/get_oauth_token.php' -> 'ftp://files.000webhost.com/public_html/mail/get_oauth_token.php'
2017-02-20 14:08:30: Copy New 'C:/Users/Cet24/Desktop/projeto-final/mail/language/phpmailer.lang-am.php' -> 'ftp://files.000webhost.com/public_html/mail/language/phpmailer.lang-am.php'
2017-02-20 14:08:32: Copy New 'C:/Users/Cet24/Desktop/projeto-final/mail/language/phpmailer.lang-ar.php' -> 'ftp://files.000webhost.com/public_html/mail/language/phpmailer.lang-ar.php'
2017-02-20 14:08:33: Copy New 'C:/Users/Cet24/Desktop/projeto-final/mail/language/phpmailer.lang-az.php' -> 'ftp://files.000webhost.com/public_html/mail/language/phpmailer.lang-az.php'
2017-02-20 14:08:34: Copy New 'C:/Users/Cet24/Desktop/projeto-final/mail/language/phpmailer.lang-be.php' -> 'ftp://files.000webhost.com/public_html/mail/language/phpmailer.lang-be.php'
2017-02-20 14:08:36: Copy New 'C:/Users/Cet24/Desktop/projeto-final/mail/language/phpmailer.lang-bg.php' -> 'ftp://files.000webhost.com/public_html/mail/language/phpmailer.lang-bg.php'
2017-02-20 14:08:37: Copy New 'C:/Users/Cet24/Desktop/projeto-final/mail/language/phpmailer.lang-ca.php' -> 'ftp://files.000webhost.com/public_html/mail/language/phpmailer.lang-ca.php'
2017-02-20 14:08:38: Copy New 'C:/Users/Cet24/Desktop/projeto-final/mail/language/phpmailer.lang-ch.php' -> 'ftp://files.000webhost.com/public_html/mail/language/phpmailer.lang-ch.php'
2017-02-20 14:08:40: Copy New 'C:/Users/Cet24/Desktop/projeto-final/mail/language/phpmailer.lang-cs.php' -> 'ftp://files.000webhost.com/public_html/mail/language/phpmailer.lang-cs.php'
2017-02-20 14:08:41: Copy New 'C:/Users/Cet24/Desktop/projeto-final/mail/language/phpmailer.lang-da.php' -> 'ftp://files.000webhost.com/public_html/mail/language/phpmailer.lang-da.php'
2017-02-20 14:08:43: Copy New 'C:/Users/Cet24/Desktop/projeto-final/mail/language/phpmailer.lang-de.php' -> 'ftp://files.000webhost.com/public_html/mail/language/phpmailer.lang-de.php'
2017-02-20 14:08:44: Copy New 'C:/Users/Cet24/Desktop/projeto-final/mail/language/phpmailer.lang-el.php' -> 'ftp://files.000webhost.com/public_html/mail/language/phpmailer.lang-el.php'
2017-02-20 14:08:47: Copy New 'C:/Users/Cet24/Desktop/projeto-final/mail/language/phpmailer.lang-eo.php' -> 'ftp://files.000webhost.com/public_html/mail/language/phpmailer.lang-eo.php'
2017-02-20 14:08:48: Copy New 'C:/Users/Cet24/Desktop/projeto-final/mail/language/phpmailer.lang-es.php' -> 'ftp://files.000webhost.com/public_html/mail/language/phpmailer.lang-es.php'
2017-02-20 14:08:50: Copy New 'C:/Users/Cet24/Desktop/projeto-final/mail/language/phpmailer.lang-et.php' -> 'ftp://files.000webhost.com/public_html/mail/language/phpmailer.lang-et.php'
2017-02-20 14:08:51: Copy New 'C:/Users/Cet24/Desktop/projeto-final/mail/language/phpmailer.lang-fa.php' -> 'ftp://files.000webhost.com/public_html/mail/language/phpmailer.lang-fa.php'
2017-02-20 14:08:52: Copy New 'C:/Users/Cet24/Desktop/projeto-final/mail/language/phpmailer.lang-fi.php' -> 'ftp://files.000webhost.com/public_html/mail/language/phpmailer.lang-fi.php'
2017-02-20 14:08:54: Copy New 'C:/Users/Cet24/Desktop/projeto-final/mail/language/phpmailer.lang-fo.php' -> 'ftp://files.000webhost.com/public_html/mail/language/phpmailer.lang-fo.php'
2017-02-20 14:08:55: Copy New 'C:/Users/Cet24/Desktop/projeto-final/mail/language/phpmailer.lang-fr.php' -> 'ftp://files.000webhost.com/public_html/mail/language/phpmailer.lang-fr.php'
2017-02-20 14:08:57: Copy New 'C:/Users/Cet24/Desktop/projeto-final/mail/language/phpmailer.lang-gl.php' -> 'ftp://files.000webhost.com/public_html/mail/language/phpmailer.lang-gl.php'
2017-02-20 14:08:58: Copy New 'C:/Users/Cet24/Desktop/projeto-final/mail/language/phpmailer.lang-he.php' -> 'ftp://files.000webhost.com/public_html/mail/language/phpmailer.lang-he.php'
2017-02-20 14:08:59: Copy New 'C:/Users/Cet24/Desktop/projeto-final/mail/language/phpmailer.lang-hr.php' -> 'ftp://files.000webhost.com/public_html/mail/language/phpmailer.lang-hr.php'
2017-02-20 14:09:01: Copy New 'C:/Users/Cet24/Desktop/projeto-final/mail/language/phpmailer.lang-hu.php' -> 'ftp://files.000webhost.com/public_html/mail/language/phpmailer.lang-hu.php'
2017-02-20 14:09:02: Copy New 'C:/Users/Cet24/Desktop/projeto-final/mail/language/phpmailer.lang-id.php' -> 'ftp://files.000webhost.com/public_html/mail/language/phpmailer.lang-id.php'
2017-02-20 14:09:04: Copy New 'C:/Users/Cet24/Desktop/projeto-final/mail/language/phpmailer.lang-it.php' -> 'ftp://files.000webhost.com/public_html/mail/language/phpmailer.lang-it.php'
2017-02-20 14:09:05: Copy New 'C:/Users/Cet24/Desktop/projeto-final/mail/language/phpmailer.lang-ja.php' -> 'ftp://files.000webhost.com/public_html/mail/language/phpmailer.lang-ja.php'
2017-02-20 14:09:07: Copy New 'C:/Users/Cet24/Desktop/projeto-final/mail/language/phpmailer.lang-ka.php' -> 'ftp://files.000webhost.com/public_html/mail/language/phpmailer.lang-ka.php'
2017-02-20 14:09:08: Copy New 'C:/Users/Cet24/Desktop/projeto-final/mail/language/phpmailer.lang-ko.php' -> 'ftp://files.000webhost.com/public_html/mail/language/phpmailer.lang-ko.php'
2017-02-20 14:09:09: Copy New 'C:/Users/Cet24/Desktop/projeto-final/mail/language/phpmailer.lang-lt.php' -> 'ftp://files.000webhost.com/public_html/mail/language/phpmailer.lang-lt.php'
2017-02-20 14:09:11: Copy New 'C:/Users/Cet24/Desktop/projeto-final/mail/language/phpmailer.lang-lv.php' -> 'ftp://files.000webhost.com/public_html/mail/language/phpmailer.lang-lv.php'
2017-02-20 14:09:12: Copy New 'C:/Users/Cet24/Desktop/projeto-final/mail/language/phpmailer.lang-ms.php' -> 'ftp://files.000webhost.com/public_html/mail/language/phpmailer.lang-ms.php'
2017-02-20 14:09:14: Copy New 'C:/Users/Cet24/Desktop/projeto-final/mail/language/phpmailer.lang-nb.php' -> 'ftp://files.000webhost.com/public_html/mail/language/phpmailer.lang-nb.php'
2017-02-20 14:09:15: Copy New 'C:/Users/Cet24/Desktop/projeto-final/mail/language/phpmailer.lang-nl.php' -> 'ftp://files.000webhost.com/public_html/mail/language/phpmailer.lang-nl.php'
2017-02-20 14:09:16: Copy New 'C:/Users/Cet24/Desktop/projeto-final/mail/language/phpmailer.lang-pl.php' -> 'ftp://files.000webhost.com/public_html/mail/language/phpmailer.lang-pl.php'
2017-02-20 14:09:18: Copy New 'C:/Users/Cet24/Desktop/projeto-final/mail/language/phpmailer.lang-pt.php' -> 'ftp://files.000webhost.com/public_html/mail/language/phpmailer.lang-pt.php'
2017-02-20 14:09:19: Copy New 'C:/Users/Cet24/Desktop/projeto-final/mail/language/phpmailer.lang-pt_br.php' -> 'ftp://files.000webhost.com/public_html/mail/language/phpmailer.lang-pt_br.php'
2017-02-20 14:09:20: Copy New 'C:/Users/Cet24/Desktop/projeto-final/mail/language/phpmailer.lang-ro.php' -> 'ftp://files.000webhost.com/public_html/mail/language/phpmailer.lang-ro.php'
2017-02-20 14:09:22: Copy New 'C:/Users/Cet24/Desktop/projeto-final/mail/language/phpmailer.lang-ru.php' -> 'ftp://files.000webhost.com/public_html/mail/language/phpmailer.lang-ru.php'
2017-02-20 14:09:23: Copy New 'C:/Users/Cet24/Desktop/projeto-final/mail/language/phpmailer.lang-sk.php' -> 'ftp://files.000webhost.com/public_html/mail/language/phpmailer.lang-sk.php'
2017-02-20 14:09:24: Copy New 'C:/Users/Cet24/Desktop/projeto-final/mail/language/phpmailer.lang-sl.php' -> 'ftp://files.000webhost.com/public_html/mail/language/phpmailer.lang-sl.php'
2017-02-20 14:09:26: Copy New 'C:/Users/Cet24/Desktop/projeto-final/mail/language/phpmailer.lang-sr.php' -> 'ftp://files.000webhost.com/public_html/mail/language/phpmailer.lang-sr.php'
2017-02-20 14:09:28: Copy New 'C:/Users/Cet24/Desktop/projeto-final/mail/language/phpmailer.lang-sv.php' -> 'ftp://files.000webhost.com/public_html/mail/language/phpmailer.lang-sv.php'
2017-02-20 14:09:29: Copy New 'C:/Users/Cet24/Desktop/projeto-final/mail/language/phpmailer.lang-tr.php' -> 'ftp://files.000webhost.com/public_html/mail/language/phpmailer.lang-tr.php'
2017-02-20 14:09:30: Copy New 'C:/Users/Cet24/Desktop/projeto-final/mail/language/phpmailer.lang-uk.php' -> 'ftp://files.000webhost.com/public_html/mail/language/phpmailer.lang-uk.php'
2017-02-20 14:09:32: Copy New 'C:/Users/Cet24/Desktop/projeto-final/mail/language/phpmailer.lang-vi.php' -> 'ftp://files.000webhost.com/public_html/mail/language/phpmailer.lang-vi.php'
2017-02-20 14:09:33: Copy New 'C:/Users/Cet24/Desktop/projeto-final/mail/language/phpmailer.lang-zh.php' -> 'ftp://files.000webhost.com/public_html/mail/language/phpmailer.lang-zh.php'
2017-02-20 14:09:35: Copy New 'C:/Users/Cet24/Desktop/projeto-final/mail/language/phpmailer.lang-zh_cn.php' -> 'ftp://files.000webhost.com/public_html/mail/language/phpmailer.lang-zh_cn.php'
2017-02-20 14:09:36: Copy Over 'C:/Users/Cet24/Desktop/projeto-final/mail/PHPMailerAutoload.php' -> 'ftp://files.000webhost.com/public_html/mail/PHPMailerAutoload.php'
2017-02-20 14:09:38: Copy New 'C:/Users/Cet24/Desktop/projeto-final/mail/template.php' -> 'ftp://files.000webhost.com/public_html/mail/template.php'
2017-02-20 14:09:41: Copy Over 'C:/Users/Cet24/Desktop/projeto-final/media/3d-01@1280.jpg' -> 'ftp://files.000webhost.com/public_html/media/3d-01@1280.jpg'
2017-02-20 14:09:43: Copy Over 'C:/Users/Cet24/Desktop/projeto-final/media/3d-01@1900.jpg' -> 'ftp://files.000webhost.com/public_html/media/3d-01@1900.jpg'
2017-02-20 14:09:45: Copy Over 'C:/Users/Cet24/Desktop/projeto-final/media/3d-02@1280.jpg' -> 'ftp://files.000webhost.com/public_html/media/3d-02@1280.jpg'
2017-02-20 14:09:48: Copy Over 'C:/Users/Cet24/Desktop/projeto-final/media/3d-02@1900.jpg' -> 'ftp://files.000webhost.com/public_html/media/3d-02@1900.jpg'
2017-02-20 14:09:50: Copy Over 'C:/Users/Cet24/Desktop/projeto-final/media/3d-03@1280.jpg' -> 'ftp://files.000webhost.com/public_html/media/3d-03@1280.jpg'
2017-02-20 14:09:52: Copy Over 'C:/Users/Cet24/Desktop/projeto-final/media/3d-03@1900.jpg' -> 'ftp://files.000webhost.com/public_html/media/3d-03@1900.jpg'
2017-02-20 14:09:54: Copy Over 'C:/Users/Cet24/Desktop/projeto-final/media/car-01@1280.jpg' -> 'ftp://files.000webhost.com/public_html/media/car-01@1280.jpg'
2017-02-20 14:09:57: Copy Over 'C:/Users/Cet24/Desktop/projeto-final/media/car-01@1900.jpg' -> 'ftp://files.000webhost.com/public_html/media/car-01@1900.jpg'
2017-02-20 14:10:02: Copy Over 'C:/Users/Cet24/Desktop/projeto-final/media/cinel-01@1280.jpg' -> 'ftp://files.000webhost.com/public_html/media/cinel-01@1280.jpg'
2017-02-20 14:10:06: Copy Over 'C:/Users/Cet24/Desktop/projeto-final/media/cinel-01@1900.jpg' -> 'ftp://files.000webhost.com/public_html/media/cinel-01@1900.jpg'
2017-02-20 14:10:08: Copy Over 'C:/Users/Cet24/Desktop/projeto-final/media/cinel-02@1280.jpg' -> 'ftp://files.000webhost.com/public_html/media/cinel-02@1280.jpg'
2017-02-20 14:10:12: Copy Over 'C:/Users/Cet24/Desktop/projeto-final/media/cinel-02@1900.jpg' -> 'ftp://files.000webhost.com/public_html/media/cinel-02@1900.jpg'
2017-02-20 14:10:14: Copy Over 'C:/Users/Cet24/Desktop/projeto-final/media/cinel-03@1280.jpg' -> 'ftp://files.000webhost.com/public_html/media/cinel-03@1280.jpg'
2017-02-20 14:10:18: Copy Over 'C:/Users/Cet24/Desktop/projeto-final/media/cinel-03@1900.jpg' -> 'ftp://files.000webhost.com/public_html/media/cinel-03@1900.jpg'
2017-02-20 14:10:21: Copy Over 'C:/Users/Cet24/Desktop/projeto-final/media/connect-01@1280.jpg' -> 'ftp://files.000webhost.com/public_html/media/connect-01@1280.jpg'
2017-02-20 14:10:24: Copy Over 'C:/Users/Cet24/Desktop/projeto-final/media/connect-01@1900.jpg' -> 'ftp://files.000webhost.com/public_html/media/connect-01@1900.jpg'
2017-02-20 14:10:26: Copy Over 'C:/Users/Cet24/Desktop/projeto-final/media/diga-01@1280.jpg' -> 'ftp://files.000webhost.com/public_html/media/diga-01@1280.jpg'
2017-02-20 14:10:28: Copy Over 'C:/Users/Cet24/Desktop/projeto-final/media/diga-01@1900.jpg' -> 'ftp://files.000webhost.com/public_html/media/diga-01@1900.jpg'
2017-02-20 14:10:30: Copy Over 'C:/Users/Cet24/Desktop/projeto-final/media/img1@1280.jpg' -> 'ftp://files.000webhost.com/public_html/media/img1@1280.jpg'
2017-02-20 14:10:32: Copy Over 'C:/Users/Cet24/Desktop/projeto-final/media/img1@1900.jpg' -> 'ftp://files.000webhost.com/public_html/media/img1@1900.jpg'
2017-02-20 14:10:36: Copy Over 'C:/Users/Cet24/Desktop/projeto-final/media/img2@1280.jpg' -> 'ftp://files.000webhost.com/public_html/media/img2@1280.jpg'
2017-02-20 14:10:41: Copy Over 'C:/Users/Cet24/Desktop/projeto-final/media/img2@1900.jpg' -> 'ftp://files.000webhost.com/public_html/media/img2@1900.jpg'
2017-02-20 14:10:43: Copy Over 'C:/Users/Cet24/Desktop/projeto-final/media/img3@1280.jpg' -> 'ftp://files.000webhost.com/public_html/media/img3@1280.jpg'
2017-02-20 14:10:46: Copy Over 'C:/Users/Cet24/Desktop/projeto-final/media/img3@1900.jpg' -> 'ftp://files.000webhost.com/public_html/media/img3@1900.jpg'
2017-02-20 14:10:48: Copy Over 'C:/Users/Cet24/Desktop/projeto-final/media/img4@1280.jpg' -> 'ftp://files.000webhost.com/public_html/media/img4@1280.jpg'
2017-02-20 14:10:50: Copy Over 'C:/Users/Cet24/Desktop/projeto-final/media/img4@1900.jpg' -> 'ftp://files.000webhost.com/public_html/media/img4@1900.jpg'
2017-02-20 14:10:52: Copy Over 'C:/Users/Cet24/Desktop/projeto-final/media/img5@1280.jpg' -> 'ftp://files.000webhost.com/public_html/media/img5@1280.jpg'
2017-02-20 14:10:54: Copy Over 'C:/Users/Cet24/Desktop/projeto-final/media/img5@1900.jpg' -> 'ftp://files.000webhost.com/public_html/media/img5@1900.jpg'
2017-02-20 14:10:57: Copy Over 'C:/Users/Cet24/Desktop/projeto-final/media/img6@1280.jpg' -> 'ftp://files.000webhost.com/public_html/media/img6@1280.jpg'
2017-02-20 14:10:59: Copy Over 'C:/Users/Cet24/Desktop/projeto-final/media/img6@1900.jpg' -> 'ftp://files.000webhost.com/public_html/media/img6@1900.jpg'
2017-02-20 14:11:01: Copy Over 'C:/Users/Cet24/Desktop/projeto-final/media/img@1280.jpg' -> 'ftp://files.000webhost.com/public_html/media/img@1280.jpg'
2017-02-20 14:11:04: Copy Over 'C:/Users/Cet24/Desktop/projeto-final/media/img@1900.jpg' -> 'ftp://files.000webhost.com/public_html/media/img@1900.jpg'
2017-02-20 14:11:06: Copy Over 'C:/Users/Cet24/Desktop/projeto-final/media/kiosk-01@1280.jpg' -> 'ftp://files.000webhost.com/public_html/media/kiosk-01@1280.jpg'
2017-02-20 14:11:09: Copy Over 'C:/Users/Cet24/Desktop/projeto-final/media/kiosk-01@1900.jpg' -> 'ftp://files.000webhost.com/public_html/media/kiosk-01@1900.jpg'
2017-02-20 14:11:12: Copy Over 'C:/Users/Cet24/Desktop/projeto-final/media/maasai-01@1280.jpg' -> 'ftp://files.000webhost.com/public_html/media/maasai-01@1280.jpg'
2017-02-20 14:11:16: Copy Over 'C:/Users/Cet24/Desktop/projeto-final/media/maasai-01@1900.jpg' -> 'ftp://files.000webhost.com/public_html/media/maasai-01@1900.jpg'
2017-02-20 14:11:17: Copy New 'C:/Users/Cet24/Desktop/projeto-final/media/retro@1280.gif' -> 'ftp://files.000webhost.com/public_html/media/retro@1280.gif'
2017-02-20 14:11:19: Copy New 'C:/Users/Cet24/Desktop/projeto-final/media/retro@1900.gif' -> 'ftp://files.000webhost.com/public_html/media/retro@1900.gif'
2017-02-20 14:11:21: Copy New 'C:/Users/Cet24/Desktop/projeto-final/media/rocket_exportacao@1280.gif' -> 'ftp://files.000webhost.com/public_html/media/rocket_exportacao@1280.gif'
2017-02-20 14:11:22: Copy New 'C:/Users/Cet24/Desktop/projeto-final/media/rocket_exportacao@1900.gif' -> 'ftp://files.000webhost.com/public_html/media/rocket_exportacao@1900.gif'
2017-02-20 14:11:24: Copy Over 'C:/Users/Cet24/Desktop/projeto-final/media/unicuidar-01@1280.jpg' -> 'ftp://files.000webhost.com/public_html/media/unicuidar-01@1280.jpg'
2017-02-20 14:11:27: Copy Over 'C:/Users/Cet24/Desktop/projeto-final/media/unicuidar-01@1900.jpg' -> 'ftp://files.000webhost.com/public_html/media/unicuidar-01@1900.jpg'
2017-02-20 14:11:29: Copy Over 'C:/Users/Cet24/Desktop/projeto-final/media/unicuidar-02@1280.jpg' -> 'ftp://files.000webhost.com/public_html/media/unicuidar-02@1280.jpg'
2017-02-20 14:11:31: Copy Over 'C:/Users/Cet24/Desktop/projeto-final/media/unicuidar-02@1900.jpg' -> 'ftp://files.000webhost.com/public_html/media/unicuidar-02@1900.jpg'
2017-02-20 14:11:33: Copy Over 'C:/Users/Cet24/Desktop/projeto-final/media/unicuidar-03@1280.jpg' -> 'ftp://files.000webhost.com/public_html/media/unicuidar-03@1280.jpg'
2017-02-20 14:11:35: Copy Over 'C:/Users/Cet24/Desktop/projeto-final/media/unicuidar-03@1900.jpg' -> 'ftp://files.000webhost.com/public_html/media/unicuidar-03@1900.jpg'
2017-02-20 14:11:38: Copy Over 'C:/Users/Cet24/Desktop/projeto-final/php/db-constants.php' -> 'ftp://files.000webhost.com/public_html/php/db-constants.php'
2017-02-20 14:11:40: Copy Over 'C:/Users/Cet24/Desktop/projeto-final/script/analytics.js' -> 'ftp://files.000webhost.com/public_html/script/analytics.js'
2017-02-20 14:11:42: Copy Over 'C:/Users/Cet24/Desktop/projeto-final/script/script.js' -> 'ftp://files.000webhost.com/public_html/script/script.js'
2017-02-20 14:11:43: Copy New 'C:/Users/Cet24/Desktop/projeto-final/script/tariff.js' -> 'ftp://files.000webhost.com/public_html/script/tariff.js'
2017-02-20 14:11:45: Copy Over 'C:/Users/Cet24/Desktop/projeto-final/sitemap.xml' -> 'ftp://files.000webhost.com/public_html/sitemap.xml'
2017-02-20 14:11:46: Copy New 'C:/Users/Cet24/Desktop/projeto-final/templates/_audio.php' -> 'ftp://files.000webhost.com/public_html/templates/_audio.php'
2017-02-20 14:11:48: Copy Over 'C:/Users/Cet24/Desktop/projeto-final/templates/contacts.php' -> 'ftp://files.000webhost.com/public_html/templates/contacts.php'
2017-02-20 14:11:50: Copy Over 'C:/Users/Cet24/Desktop/projeto-final/templates/galeria.php' -> 'ftp://files.000webhost.com/public_html/templates/galeria.php'
2017-02-20 14:11:52: Copy Over 'C:/Users/Cet24/Desktop/projeto-final/templates/index.php' -> 'ftp://files.000webhost.com/public_html/templates/index.php'
2017-02-20 14:11:53: Copy Over 'C:/Users/Cet24/Desktop/projeto-final/templates/project-category.php' -> 'ftp://files.000webhost.com/public_html/templates/project-category.php'
2017-02-20 14:11:55: Copy Over 'C:/Users/Cet24/Desktop/projeto-final/templates/project-template.php' -> 'ftp://files.000webhost.com/public_html/templates/project-template.php'
2017-02-20 14:11:57: Copy Over 'C:/Users/Cet24/Desktop/projeto-final/templates/simple-article.php' -> 'ftp://files.000webhost.com/public_html/templates/simple-article.php'
2017-02-20 14:12:00: Copy Over 'C:/Users/Cet24/Desktop/projeto-final/webfont/entypo social/demo-files/demo.css' -> 'ftp://files.000webhost.com/public_html/webfont/entypo social/demo-files/demo.css'
2017-02-20 14:12:01: Copy Over 'C:/Users/Cet24/Desktop/projeto-final/webfont/entypo social/demo-files/demo.js' -> 'ftp://files.000webhost.com/public_html/webfont/entypo social/demo-files/demo.js'
2017-02-20 14:12:04: Copy Over 'C:/Users/Cet24/Desktop/projeto-final/webfont/entypo social/demo.html' -> 'ftp://files.000webhost.com/public_html/webfont/entypo social/demo.html'
2017-02-20 14:12:07: Copy Over 'C:/Users/Cet24/Desktop/projeto-final/webfont/entypo social/fonts/Entypo-Social-Extension.eot' -> 'ftp://files.000webhost.com/public_html/webfont/entypo social/fonts/Entypo-Social-Extension.eot'
2017-02-20 14:12:09: Copy Over 'C:/Users/Cet24/Desktop/projeto-final/webfont/entypo social/fonts/Entypo-Social-Extension.svg' -> 'ftp://files.000webhost.com/public_html/webfont/entypo social/fonts/Entypo-Social-Extension.svg'
2017-02-20 14:12:11: Copy Over 'C:/Users/Cet24/Desktop/projeto-final/webfont/entypo social/fonts/Entypo-Social-Extension.ttf' -> 'ftp://files.000webhost.com/public_html/webfont/entypo social/fonts/Entypo-Social-Extension.ttf'
2017-02-20 14:12:13: Copy Over 'C:/Users/Cet24/Desktop/projeto-final/webfont/entypo social/fonts/Entypo-Social-Extension.woff' -> 'ftp://files.000webhost.com/public_html/webfont/entypo social/fonts/Entypo-Social-Extension.woff'
2017-02-20 14:12:15: Copy Over 'C:/Users/Cet24/Desktop/projeto-final/webfont/entypo social/Read Me.txt' -> 'ftp://files.000webhost.com/public_html/webfont/entypo social/Read Me.txt'
2017-02-20 14:12:18: Copy Over 'C:/Users/Cet24/Desktop/projeto-final/webfont/entypo social/selection.json' -> 'ftp://files.000webhost.com/public_html/webfont/entypo social/selection.json'
2017-02-20 14:12:20: Copy Over 'C:/Users/Cet24/Desktop/projeto-final/webfont/entypo social/style.css' -> 'ftp://files.000webhost.com/public_html/webfont/entypo social/style.css'
2017-02-20 14:12:22: Copy Over 'C:/Users/Cet24/Desktop/projeto-final/webfont/source sans.txt' -> 'ftp://files.000webhost.com/public_html/webfont/source sans.txt'
2017-02-20 14:12:25: == Sync Complete. Time: 00:08:17, Speed: 57.7 KB/s, OK: 275, Errors: 0
2017-02-20 14:12:26: -- Analysis Started by On File Change PostSync Re-Analyze
2017-02-20 14:12:26: Changes: 0, Conflicts: 0, CopyTime: 0, CopyState: 0/0, Errors: 0, All: 351
2017-02-20 14:12:26: -- Analysis Complete. Time 00:08:18, Speed: 16 files/s
2017-02-20 14:12:26: 
