2017-02-15 18:41:50: -- Analysis Started by User
2017-02-15 18:41:51: R: State file does not exist: ftp://files.000webhost.com/public_html/_gsdata_/_file_state_v4._gs
2017-02-15 18:41:51: Changes: 78, Conflicts: 0, CopyTime: 0, CopyState: 31/0, Errors: 0, All: 245
2017-02-15 18:41:51: Left to Right: Copy File: 78 Copy State: 31 
2017-02-15 18:41:51: -- Analysis Complete. Time 00:00:02, Speed: 46 files/s
2017-02-15 18:41:51: 
2017-02-15 18:42:20: New _gsdata_ folder(s) created, so rescan all job folders for their ghosts
2017-02-15 18:42:20: == Sync Started by User
2017-02-15 18:42:22: Create Folder 'ftp://files.000webhost.com/public_html/css'
2017-02-15 18:42:22: Create Folder 'ftp://files.000webhost.com/public_html/fancybox'
2017-02-15 18:42:22: Create Folder 'ftp://files.000webhost.com/public_html/img'
2017-02-15 18:42:23: Create Folder 'ftp://files.000webhost.com/public_html/includes'
2017-02-15 18:42:23: Create Folder 'ftp://files.000webhost.com/public_html/mail'
2017-02-15 18:42:23: Create Folder 'ftp://files.000webhost.com/public_html/media'
2017-02-15 18:42:23: Create Folder 'ftp://files.000webhost.com/public_html/php'
2017-02-15 18:42:23: Create Folder 'ftp://files.000webhost.com/public_html/script'
2017-02-15 18:42:23: Create Folder 'ftp://files.000webhost.com/public_html/templates'
2017-02-15 18:42:23: Create Folder 'ftp://files.000webhost.com/public_html/webfont'
2017-02-15 18:42:24: Create Folder 'ftp://files.000webhost.com/public_html/webfont/entypo social'
2017-02-15 18:42:24: Create Folder 'ftp://files.000webhost.com/public_html/webfont/entypo social/demo-files'
2017-02-15 18:42:24: Create Folder 'ftp://files.000webhost.com/public_html/webfont/entypo social/fonts'
2017-02-15 18:42:26: Copy New 'C:/Users/HP/Desktop/projeto-final/.htaccess' -> 'ftp://files.000webhost.com/public_html/.htaccess'
2017-02-15 18:42:27: Copy New 'C:/Users/HP/Desktop/projeto-final/css/media-queries.css' -> 'ftp://files.000webhost.com/public_html/css/media-queries.css'
2017-02-15 18:42:29: Copy New 'C:/Users/HP/Desktop/projeto-final/css/ui.css' -> 'ftp://files.000webhost.com/public_html/css/ui.css'
2017-02-15 18:42:30: Copy New 'C:/Users/HP/Desktop/projeto-final/fancybox/blank.gif' -> 'ftp://files.000webhost.com/public_html/fancybox/blank.gif'
2017-02-15 18:42:32: Copy New 'C:/Users/HP/Desktop/projeto-final/fancybox/fancybox_loading.gif' -> 'ftp://files.000webhost.com/public_html/fancybox/fancybox_loading.gif'
2017-02-15 18:42:34: Copy New 'C:/Users/HP/Desktop/projeto-final/fancybox/fancybox_loading@2x.gif' -> 'ftp://files.000webhost.com/public_html/fancybox/fancybox_loading@2x.gif'
2017-02-15 18:42:35: Copy New 'C:/Users/HP/Desktop/projeto-final/fancybox/fancybox_overlay.png' -> 'ftp://files.000webhost.com/public_html/fancybox/fancybox_overlay.png'
2017-02-15 18:42:37: Copy New 'C:/Users/HP/Desktop/projeto-final/fancybox/fancybox_sprite.png' -> 'ftp://files.000webhost.com/public_html/fancybox/fancybox_sprite.png'
2017-02-15 18:42:38: Copy New 'C:/Users/HP/Desktop/projeto-final/fancybox/fancybox_sprite@2x.png' -> 'ftp://files.000webhost.com/public_html/fancybox/fancybox_sprite@2x.png'
2017-02-15 18:42:40: Copy New 'C:/Users/HP/Desktop/projeto-final/fancybox/jquery.fancybox.css' -> 'ftp://files.000webhost.com/public_html/fancybox/jquery.fancybox.css'
2017-02-15 18:42:42: Copy New 'C:/Users/HP/Desktop/projeto-final/fancybox/jquery.fancybox.js' -> 'ftp://files.000webhost.com/public_html/fancybox/jquery.fancybox.js'
2017-02-15 18:42:44: Copy New 'C:/Users/HP/Desktop/projeto-final/img/bg-dummy@1280.jpg' -> 'ftp://files.000webhost.com/public_html/img/bg-dummy@1280.jpg'
2017-02-15 18:42:47: Copy New 'C:/Users/HP/Desktop/projeto-final/img/bg-dummy@1900.jpg' -> 'ftp://files.000webhost.com/public_html/img/bg-dummy@1900.jpg'
2017-02-15 18:42:50: Copy New 'C:/Users/HP/Desktop/projeto-final/img/slide1-dummy@1280.jpg' -> 'ftp://files.000webhost.com/public_html/img/slide1-dummy@1280.jpg'
2017-02-15 18:42:52: Copy New 'C:/Users/HP/Desktop/projeto-final/img/slide1-dummy@1900.jpg' -> 'ftp://files.000webhost.com/public_html/img/slide1-dummy@1900.jpg'
2017-02-15 18:42:55: Copy New 'C:/Users/HP/Desktop/projeto-final/img/slide2-dummy@1280.jpg' -> 'ftp://files.000webhost.com/public_html/img/slide2-dummy@1280.jpg'
2017-02-15 18:42:57: Copy New 'C:/Users/HP/Desktop/projeto-final/img/slide2-dummy@1900.jpg' -> 'ftp://files.000webhost.com/public_html/img/slide2-dummy@1900.jpg'
2017-02-15 18:43:00: Copy New 'C:/Users/HP/Desktop/projeto-final/img/slide3-dummy@1280.jpg' -> 'ftp://files.000webhost.com/public_html/img/slide3-dummy@1280.jpg'
2017-02-15 18:43:02: Copy New 'C:/Users/HP/Desktop/projeto-final/img/slide3-dummy@1900.jpg' -> 'ftp://files.000webhost.com/public_html/img/slide3-dummy@1900.jpg'
2017-02-15 18:43:04: Copy New 'C:/Users/HP/Desktop/projeto-final/includes/_footer.php' -> 'ftp://files.000webhost.com/public_html/includes/_footer.php'
2017-02-15 18:43:05: Copy New 'C:/Users/HP/Desktop/projeto-final/includes/_head.php' -> 'ftp://files.000webhost.com/public_html/includes/_head.php'
2017-02-15 18:43:06: Copy New 'C:/Users/HP/Desktop/projeto-final/includes/_header.php' -> 'ftp://files.000webhost.com/public_html/includes/_header.php'
2017-02-15 18:43:08: Copy New 'C:/Users/HP/Desktop/projeto-final/includes/_sidebar.php' -> 'ftp://files.000webhost.com/public_html/includes/_sidebar.php'
2017-02-15 18:43:09: Copy New 'C:/Users/HP/Desktop/projeto-final/index.php' -> 'ftp://files.000webhost.com/public_html/index.php'
2017-02-15 18:43:11: Copy New 'C:/Users/HP/Desktop/projeto-final/mail/class.phpmailer.php' -> 'ftp://files.000webhost.com/public_html/mail/class.phpmailer.php'
2017-02-15 18:43:13: Copy New 'C:/Users/HP/Desktop/projeto-final/mail/class.phpmaileroauth.php' -> 'ftp://files.000webhost.com/public_html/mail/class.phpmaileroauth.php'
2017-02-15 18:43:14: Copy New 'C:/Users/HP/Desktop/projeto-final/mail/class.phpmaileroauthgoogle.php' -> 'ftp://files.000webhost.com/public_html/mail/class.phpmaileroauthgoogle.php'
2017-02-15 18:43:16: Copy New 'C:/Users/HP/Desktop/projeto-final/mail/class.pop3.php' -> 'ftp://files.000webhost.com/public_html/mail/class.pop3.php'
2017-02-15 18:43:18: Copy New 'C:/Users/HP/Desktop/projeto-final/mail/class.smtp.php' -> 'ftp://files.000webhost.com/public_html/mail/class.smtp.php'
2017-02-15 18:43:19: Copy New 'C:/Users/HP/Desktop/projeto-final/mail/PHPMailerAutoload.php' -> 'ftp://files.000webhost.com/public_html/mail/PHPMailerAutoload.php'
2017-02-15 18:43:21: Copy New 'C:/Users/HP/Desktop/projeto-final/media/img1@1280.jpg' -> 'ftp://files.000webhost.com/public_html/media/img1@1280.jpg'
2017-02-15 18:43:24: Copy New 'C:/Users/HP/Desktop/projeto-final/media/img1@1900.jpg' -> 'ftp://files.000webhost.com/public_html/media/img1@1900.jpg'
2017-02-15 18:43:26: Copy New 'C:/Users/HP/Desktop/projeto-final/media/img2@1280.jpg' -> 'ftp://files.000webhost.com/public_html/media/img2@1280.jpg'
2017-02-15 18:43:29: Copy New 'C:/Users/HP/Desktop/projeto-final/media/img2@1900.jpg' -> 'ftp://files.000webhost.com/public_html/media/img2@1900.jpg'
2017-02-15 18:43:32: Copy New 'C:/Users/HP/Desktop/projeto-final/media/img3@1280.jpg' -> 'ftp://files.000webhost.com/public_html/media/img3@1280.jpg'
2017-02-15 18:43:34: Copy New 'C:/Users/HP/Desktop/projeto-final/media/img3@1900.jpg' -> 'ftp://files.000webhost.com/public_html/media/img3@1900.jpg'
2017-02-15 18:43:36: Copy New 'C:/Users/HP/Desktop/projeto-final/media/img4@1280.jpg' -> 'ftp://files.000webhost.com/public_html/media/img4@1280.jpg'
2017-02-15 18:43:39: Copy New 'C:/Users/HP/Desktop/projeto-final/media/img4@1900.jpg' -> 'ftp://files.000webhost.com/public_html/media/img4@1900.jpg'
2017-02-15 18:43:41: Copy New 'C:/Users/HP/Desktop/projeto-final/media/img5@1280.jpg' -> 'ftp://files.000webhost.com/public_html/media/img5@1280.jpg'
2017-02-15 18:43:44: Copy New 'C:/Users/HP/Desktop/projeto-final/media/img5@1900.jpg' -> 'ftp://files.000webhost.com/public_html/media/img5@1900.jpg'
2017-02-15 18:43:46: Copy New 'C:/Users/HP/Desktop/projeto-final/media/img6@1280.jpg' -> 'ftp://files.000webhost.com/public_html/media/img6@1280.jpg'
2017-02-15 18:43:48: Copy New 'C:/Users/HP/Desktop/projeto-final/media/img6@1900.jpg' -> 'ftp://files.000webhost.com/public_html/media/img6@1900.jpg'
2017-02-15 18:43:51: Copy New 'C:/Users/HP/Desktop/projeto-final/media/img@1280.jpg' -> 'ftp://files.000webhost.com/public_html/media/img@1280.jpg'
2017-02-15 18:43:53: Copy New 'C:/Users/HP/Desktop/projeto-final/media/img@1900.jpg' -> 'ftp://files.000webhost.com/public_html/media/img@1900.jpg'
2017-02-15 18:43:54: Copy New 'C:/Users/HP/Desktop/projeto-final/php/db-constants.php' -> 'ftp://files.000webhost.com/public_html/php/db-constants.php'
2017-02-15 18:43:56: Copy New 'C:/Users/HP/Desktop/projeto-final/script/analytics.js' -> 'ftp://files.000webhost.com/public_html/script/analytics.js'
2017-02-15 18:43:57: Copy New 'C:/Users/HP/Desktop/projeto-final/script/script.js' -> 'ftp://files.000webhost.com/public_html/script/script.js'
2017-02-15 18:43:59: Copy New 'C:/Users/HP/Desktop/projeto-final/sitemap.xml' -> 'ftp://files.000webhost.com/public_html/sitemap.xml'
2017-02-15 18:44:00: Copy New 'C:/Users/HP/Desktop/projeto-final/templates/contacts.php' -> 'ftp://files.000webhost.com/public_html/templates/contacts.php'
2017-02-15 18:44:02: Copy New 'C:/Users/HP/Desktop/projeto-final/templates/galeria.php' -> 'ftp://files.000webhost.com/public_html/templates/galeria.php'
2017-02-15 18:44:03: Copy New 'C:/Users/HP/Desktop/projeto-final/templates/index.php' -> 'ftp://files.000webhost.com/public_html/templates/index.php'
2017-02-15 18:44:05: Copy New 'C:/Users/HP/Desktop/projeto-final/templates/project-category.php' -> 'ftp://files.000webhost.com/public_html/templates/project-category.php'
2017-02-15 18:44:06: Copy New 'C:/Users/HP/Desktop/projeto-final/templates/project-template.php' -> 'ftp://files.000webhost.com/public_html/templates/project-template.php'
2017-02-15 18:44:08: Copy New 'C:/Users/HP/Desktop/projeto-final/templates/simple-article.php' -> 'ftp://files.000webhost.com/public_html/templates/simple-article.php'
2017-02-15 18:44:09: Copy New 'C:/Users/HP/Desktop/projeto-final/webfont/entypo social/demo-files/demo.css' -> 'ftp://files.000webhost.com/public_html/webfont/entypo social/demo-files/demo.css'
2017-02-15 18:44:10: Copy New 'C:/Users/HP/Desktop/projeto-final/webfont/entypo social/demo-files/demo.js' -> 'ftp://files.000webhost.com/public_html/webfont/entypo social/demo-files/demo.js'
2017-02-15 18:44:13: Copy New 'C:/Users/HP/Desktop/projeto-final/webfont/entypo social/demo.html' -> 'ftp://files.000webhost.com/public_html/webfont/entypo social/demo.html'
2017-02-15 18:44:14: Copy New 'C:/Users/HP/Desktop/projeto-final/webfont/entypo social/fonts/Entypo-Social-Extension.eot' -> 'ftp://files.000webhost.com/public_html/webfont/entypo social/fonts/Entypo-Social-Extension.eot'
2017-02-15 18:44:17: Copy New 'C:/Users/HP/Desktop/projeto-final/webfont/entypo social/fonts/Entypo-Social-Extension.svg' -> 'ftp://files.000webhost.com/public_html/webfont/entypo social/fonts/Entypo-Social-Extension.svg'
2017-02-15 18:44:19: Copy New 'C:/Users/HP/Desktop/projeto-final/webfont/entypo social/fonts/Entypo-Social-Extension.ttf' -> 'ftp://files.000webhost.com/public_html/webfont/entypo social/fonts/Entypo-Social-Extension.ttf'
2017-02-15 18:44:21: Copy New 'C:/Users/HP/Desktop/projeto-final/webfont/entypo social/fonts/Entypo-Social-Extension.woff' -> 'ftp://files.000webhost.com/public_html/webfont/entypo social/fonts/Entypo-Social-Extension.woff'
2017-02-15 18:44:23: Copy New 'C:/Users/HP/Desktop/projeto-final/webfont/entypo social/Read Me.txt' -> 'ftp://files.000webhost.com/public_html/webfont/entypo social/Read Me.txt'
2017-02-15 18:44:25: Copy New 'C:/Users/HP/Desktop/projeto-final/webfont/entypo social/selection.json' -> 'ftp://files.000webhost.com/public_html/webfont/entypo social/selection.json'
2017-02-15 18:44:27: Copy New 'C:/Users/HP/Desktop/projeto-final/webfont/entypo social/style.css' -> 'ftp://files.000webhost.com/public_html/webfont/entypo social/style.css'
2017-02-15 18:44:28: Copy New 'C:/Users/HP/Desktop/projeto-final/webfont/source sans.txt' -> 'ftp://files.000webhost.com/public_html/webfont/source sans.txt'
2017-02-15 18:44:34: == Sync Complete. Time: 00:02:16, Speed: 36,9 KB/s, OK: 109, Errors: 0
2017-02-15 18:44:34: 
