2017-02-14 10:32:45: -- Analysis Started by User
2017-02-14 10:33:30: Changes: 9, Conflicts: 0, CopyTime: 0, CopyState: 0/0, Errors: 0, All: 198
2017-02-14 10:33:30: Right to Left: Copy File: 3 Delete File: 6 
2017-02-14 10:33:30: -- Analysis Complete. Time 00:00:55, Speed: 3 files/s
2017-02-14 10:33:30: 
2017-02-14 10:33:46: === User Changed Action from 'COPY_RIGHT_TO_LEFT' to 'COPY_LEFT_TO_RIGHT' on item /templates/contacts.php
2017-02-14 10:33:46: === User Changed Action from 'COPY_RIGHT_TO_LEFT' to 'COPY_LEFT_TO_RIGHT' on item /templates/galeria.php
2017-02-14 10:33:46: === User Changed Action from 'COPY_RIGHT_TO_LEFT' to 'COPY_LEFT_TO_RIGHT' on item /templates/index.php
2017-02-14 10:33:46: === User Changed Action from 'COPY_RIGHT_TO_LEFT' to 'COPY_LEFT_TO_RIGHT' on item /templates/project-category.php
2017-02-14 10:33:46: === User Changed Action from 'COPY_RIGHT_TO_LEFT' to 'COPY_LEFT_TO_RIGHT' on item /templates/project-template.php
2017-02-14 10:33:46: === User Changed Action from 'COPY_RIGHT_TO_LEFT' to 'COPY_LEFT_TO_RIGHT' on item /templates/simple-article.php
2017-02-14 10:33:46: Done.
2017-02-14 10:33:50: === User Changed Action from 'COPY_RIGHT_TO_LEFT' to 'COPY_LEFT_TO_RIGHT' on item /includes/_head.php
2017-02-14 10:33:50: === User Changed Action from 'COPY_RIGHT_TO_LEFT' to 'COPY_LEFT_TO_RIGHT' on item /jade/_includes/_head.jade
2017-02-14 10:33:50: === User Changed Action from 'COPY_RIGHT_TO_LEFT' to 'COPY_LEFT_TO_RIGHT' on item /templates/contacts.php
2017-02-14 10:33:50: === User Changed Action from 'COPY_RIGHT_TO_LEFT' to 'COPY_LEFT_TO_RIGHT' on item /templates/galeria.php
2017-02-14 10:33:50: === User Changed Action from 'COPY_RIGHT_TO_LEFT' to 'COPY_LEFT_TO_RIGHT' on item /templates/index.php
2017-02-14 10:33:50: === User Changed Action from 'COPY_RIGHT_TO_LEFT' to 'COPY_LEFT_TO_RIGHT' on item /templates/project-category.php
2017-02-14 10:33:50: === User Changed Action from 'COPY_RIGHT_TO_LEFT' to 'COPY_LEFT_TO_RIGHT' on item /templates/project-template.php
2017-02-14 10:33:50: === User Changed Action from 'COPY_RIGHT_TO_LEFT' to 'COPY_LEFT_TO_RIGHT' on item /templates/simple-article.php
2017-02-14 10:33:50: === User Changed Action from 'COPY_RIGHT_TO_LEFT' to 'COPY_LEFT_TO_RIGHT' on item /webfont/source sans.txt
2017-02-14 10:33:50: Done.
2017-02-14 10:33:55: == Sync Started by User
2017-02-14 10:33:59: Copy Over 'C:/Users/Cet24/Desktop/projeto-final/includes/_head.php' -> 'ftp://files.000webhost.com/public_html/includes/_head.php' (User Action)
2017-02-14 10:34:01: Copy Over 'C:/Users/Cet24/Desktop/projeto-final/jade/_includes/_head.jade' -> 'ftp://files.000webhost.com/public_html/jade/_includes/_head.jade' (User Action)
2017-02-14 10:34:02: Copy New 'C:/Users/Cet24/Desktop/projeto-final/templates/contacts.php' -> 'ftp://files.000webhost.com/public_html/templates/contacts.php' (User Action)
2017-02-14 10:34:03: Copy New 'C:/Users/Cet24/Desktop/projeto-final/templates/galeria.php' -> 'ftp://files.000webhost.com/public_html/templates/galeria.php' (User Action)
2017-02-14 10:34:04: Copy New 'C:/Users/Cet24/Desktop/projeto-final/templates/index.php' -> 'ftp://files.000webhost.com/public_html/templates/index.php' (User Action)
2017-02-14 10:34:06: Copy New 'C:/Users/Cet24/Desktop/projeto-final/templates/project-category.php' -> 'ftp://files.000webhost.com/public_html/templates/project-category.php' (User Action)
2017-02-14 10:34:07: Copy New 'C:/Users/Cet24/Desktop/projeto-final/templates/project-template.php' -> 'ftp://files.000webhost.com/public_html/templates/project-template.php' (User Action)
2017-02-14 10:34:08: Copy New 'C:/Users/Cet24/Desktop/projeto-final/templates/simple-article.php' -> 'ftp://files.000webhost.com/public_html/templates/simple-article.php' (User Action)
2017-02-14 10:34:10: Copy Over 'C:/Users/Cet24/Desktop/projeto-final/webfont/source sans.txt' -> 'ftp://files.000webhost.com/public_html/webfont/source sans.txt' (User Action)
2017-02-14 10:34:12: == Sync Complete. Time: 00:00:20, Speed: 1.57 KB/s, OK: 9, Errors: 0
2017-02-14 10:34:13: 
